#####################################################################
--- Date 2025-06-28 13:40:21 ---
#####################################################################
#####################    PES2MP Initiated    ########################
#####################################################################
 
 /data and /project folders created. 


 Create_PES_input = False : Checking input for external Plots! 
  
 No plots created. Create_PES_input / Run_psi4 and Plot_PES are False 

#-------------------------------------------------------------------#
#--------------------#    Using NNGen module    #-------------------#
#-------------------------------------------------------------------#



The loaded PES: --> 
     0    1            2
0  2.5  0.0  2643.226149
1  2.6  0.0  1876.106721
2  2.7  0.0  1308.628966
3  2.8  0.0   896.083080
4  2.9  0.0   599.457756

Important Notice:
    (a) The first Num_X molumns must be input coordinates and last Num_Y columns must be output descriptors.
    (b) The first column must be R i.e. the radial coordinate (Needed for seperating boundary elements.
    Unless you are familiar with modifying the code or have some other application, keep the first column as R! 

     0    1            2
0  2.5  0.0  2643.226149
1  2.6  0.0  1876.106721
2  2.7  0.0  1308.628966
3  2.8  0.0   896.083080
4  2.9  0.0   599.457756
 Energy partitioning based on input value (High_E_cutoff) entered in input file! Num of data points in minima region = 1296 

 Num of data points in high energy region = 129 

 Partitioned data Saved ! Check -> 
/Volumes/Crucial_X6/Cn/2D/Projects/qz_NN/NN_files/
 

 Boundary elements of dataframes (based on input coordinates) are exteacted, plotted, and saved to files!
 Check Out -> 
/Volumes/Crucial_X6/Cn/2D/Projects/qz_NN/NN_files/NN_plots/boundary_data/
 
Various Split Ratios: 

 Training [80, 80, 80, 80]
 Testing [5, 5, 5, 5]
 Validation [15 15 15 15] 

Seed for random skitlearn split of training, testing and validation dataset: 1 

 Folder where keras-tuner (trial) data will be saved : --> 
Projects/qz_NN/NN_files/NN_trial_models/nn/' 


 Folder where final NN data will be saved : --> 
Projects/qz_NN/NN_files/NN_final_models/nn/' 


 Plot for NN architecture will be saved inside respective folders for base and ensemble models! 


 Feature and target scaling are saved as pickle files: --> 
nn


 NN HyperParameters loaded! 

 Using PES specific NN Model! 

 Finding optimum architecture for model 0!
 Optimum architecture found! Optimising weights and biases! 
 Fitting Minima region! 

 TQDM LOOP (Base NN Model): Minima region fitted:
 |||||||||||||||||||||||||||||||||||||||||||||||||||||||||||| 100% |


 Base model 0 training complete 
 Final model saved!!
 Base model 0 Prediction Matrics : 
Model 0 : full_loss = 1.1206 , full_mae = 1.5852 

 
 Predicting PES based on input coordinates for base model 0! 

 NN HyperParameters loaded! 

 Using PES specific NN Model! 

 Finding optimum architecture for model 1!
 Optimum architecture found! Optimising weights and biases! 
 Fitting Minima region! 

 TQDM LOOP (Base NN Model): Minima region fitted:
 |||||||||||||||||||||||||||||||||||||||||||||||||||||||||||| 100% |


 Base model 1 training complete 
 Final model saved!!
 Base model 1 Prediction Matrics : 
Model 1 : full_loss = 1.1211 , full_mae = 1.5856 

 
 Predicting PES based on input coordinates for base model 1! 

 NN HyperParameters loaded! 

 Using PES specific NN Model! 

 Finding optimum architecture for model 2!
 Optimum architecture found! Optimising weights and biases! 
 Fitting Minima region! 

 TQDM LOOP (Base NN Model): Minima region fitted:
 |||||||||||||||||||||||||||||||||||||||||||||||||||||||||||| 100% |


 Base model 2 training complete 
 Final model saved!!
 Base model 2 Prediction Matrics : 
Model 2 : full_loss = 1.1210 , full_mae = 1.5857 

 
 Predicting PES based on input coordinates for base model 2! 

 NN HyperParameters loaded! 

 Using PES specific NN Model! 

 Finding optimum architecture for model 3!
 Optimum architecture found! Optimising weights and biases! 
 Fitting Minima region! 

 TQDM LOOP (Base NN Model): Minima region fitted:
 |||||||||||||||||||||||||||||||||||||||||||||||||||||||||||| 100% |


 Base model 3 training complete 
 Final model saved!!
 Base model 3 Prediction Matrics : 
Model 3 : full_loss = 1.1207 , full_mae = 1.5853 

 
 Predicting PES based on input coordinates for base model 3! 

 Fine Tuning weights and biases in Ensemble Model (uses minima region only)! 


 The Enseble NN model will ALLOW for base model to be RETRAINED!
 Make sure that the number of models are not too large as it may slow down training considerably! 


 TQDM LOOP (Ensemble NN Model fitted) :
 |||||||||||||||||||||||||||||||||||||||||||||||||||||||||||| 100% |


 Ensemble model training complete 
 Final model saved!!
 Folder where Ensemble NN data will be saved : --> 
 'Projects/qz_NN/NN_files/NN_final_models/nn/Ensemble_tuned/' 


 Ensemble Prediction Matrics : 
Fine Tuning: full_loss = 1.1207 , full_mae = 1.5852 

 Predicting PES based on input coordinates using ensemble model! 


Saving final NN model at parent directory : --> 
Projects/qz_NN/' 


#-------------------------------------------------------------------#
#---------------------#    NN Model Created    #--------------------#
#-------------------------------------------------------------------#


 MPExp = False : Skipping Multipole Expansion! 
 
 FnFit = False : Skipping Analytical Fitting of Radial Coefficients! 
 
#####################################################################
#####################    PES2MP Finished     ########################
#####################################################################
Run time: 3 hours, 28 minutes, 33.24 seconds
#####################################################################


#####################################################################
--- Date 2025-06-30 12:54:51 ---
#####################################################################
#####################    PES2MP Initiated    ########################
#####################################################################
 
 /data and /project folders created. 


 Create_PES_input = False : Checking input for external Plots! 
  
 No plots created. Create_PES_input / Run_psi4 and Plot_PES are False 

 NNGen = False : Skipping NN Model! 
 
 MPExp = False : Skipping Multipole Expansion! 
 
#-------------------------------------------------------------------#
#----------------#    Using Function Fit module    #----------------#
#-------------------------------------------------------------------#


 Fitting PES data into analytical function! 
#####################################################################
--- Date 2025-06-30 12:55:13 ---
#####################################################################
#####################    PES2MP Initiated    ########################
#####################################################################
 
 /data and /project folders created. 


 Create_PES_input = False : Checking input for external Plots! 
  
 No plots created. Create_PES_input / Run_psi4 and Plot_PES are False 

 NNGen = False : Skipping NN Model! 
 
 MPExp = False : Skipping Multipole Expansion! 
 
#-------------------------------------------------------------------#
#----------------#    Using Function Fit module    #----------------#
#-------------------------------------------------------------------#


 Fitting PES data into analytical function! 
#####################################################################
--- Date 2025-06-30 12:55:31 ---
#####################################################################
#####################    PES2MP Initiated    ########################
#####################################################################
 
 /data and /project folders created. 


 Create_PES_input = False : Checking input for external Plots! 
  
 No plots created. Create_PES_input / Run_psi4 and Plot_PES are False 

 NNGen = False : Skipping NN Model! 
 
 MPExp = False : Skipping Multipole Expansion! 
 
#-------------------------------------------------------------------#
#----------------#    Using Function Fit module    #----------------#
#-------------------------------------------------------------------#


 Fitting PES data into analytical function! 


The loaded PES: --> 
     0    1         2
0  2.5  0.0  245.7340
1  2.6  0.0  267.7801
2  2.7  0.0  280.9492
3  2.8  0.0  279.9263
4  2.9  0.0  263.5128
 2D Collision: Extracting end and start radial positions for each angular term: 

 TQDM LOOP (end and start radial positions extracted from PES!) :
 |||||||||||||||||||||||||||||||||||||||||||||||||||||||||||| 100% |

Start End Positions: 
Start Positions: 
 [   0  476  952 1428 1904 2380 2856 3332 3808 4284 4760 5236 5712 6188
 6664 7140 7616 8092 8568] 
End Positions: 
 [ 476  952 1428 1904 2380 2856 3332 3808 4284 4760 5236 5712 6188 6664
 7140 7616 8092 8568 9044] 
 

 TQDM LOOP (R/Theta coordinates Generated!) :
 |||||||||||||||||||||||||||||||||||||||||||||||||||||||||||| 100% |


 Fitting PES each angle at a time: 


Minima Fit:0 | Start position: 8 | Value (cm-1) 83.5203 


 Coefficients for Angular coordinate: 0.0 

 No High Energy fitting! 

 No Long Range fitting! 


 Using Custom Function for full range fitting!
 Potential at initial R value: 3607.439916251573
 Fitting Coefficients for full region fit : 
[ 1.56487219e+08 -5.99817505e+07  1.68226920e+07 -1.50224143e+06
 -7.64101813e+04  8.25849789e+03 -9.24212562e+02 -2.48227455e-01]

Minima Fit:1 | Start position: 8 | Value (cm-1) 82.3189 


 Coefficients for Angular coordinate: 5.0 

 No High Energy fitting! 

 No Long Range fitting! 


 Using Custom Function for full range fitting!
 Potential at initial R value: 4389.172607716712
 Fitting Coefficients for full region fit : 
[ 7.45426683e+08 -4.67904794e+08  1.28121360e+08 -1.66812562e+07
  1.00165965e+06 -2.89431302e+04 -4.40028762e+02 -3.08340760e-01]

Minima Fit:2 | Start position: 8 | Value (cm-1) 80.1039 


 Coefficients for Angular coordinate: 10.0 

 No High Energy fitting! 

 No Long Range fitting! 


 Using Custom Function for full range fitting!
 Potential at initial R value: 3385.3178156172035
 Fitting Coefficients for full region fit : 
[ 3.95684504e+08 -2.67691008e+08  8.45602032e+07 -1.22680522e+07
  8.03411027e+05 -2.67149825e+04 -3.76531104e+02 -3.80511191e-01]

Minima Fit:3 | Start position: 8 | Value (cm-1) 76.5658 


 Coefficients for Angular coordinate: 15.0 

 No High Energy fitting! 

 No Long Range fitting! 


 Using Custom Function for full range fitting!
 Potential at initial R value: 1484.5201853601434
 Fitting Coefficients for full region fit : 
[-6.24342765e+08  4.05766294e+08 -9.15533621e+07  1.08192922e+07
 -7.82492082e+05  2.74377340e+04 -1.10598056e+03 -2.30144014e-01]

Minima Fit:4 | Start position: 7 | Value (cm-1) 126.5207 


 Coefficients for Angular coordinate: 20.0 

 No High Energy fitting! 

 No Long Range fitting! 


 Using Custom Function for full range fitting!
 Potential at initial R value: 1040.442777696591
 Fitting Coefficients for full region fit : 
[-8.69549385e+08  5.76386348e+08 -1.38797321e+08  1.72927464e+07
 -1.23788732e+06  4.31631691e+04 -1.30871378e+03 -1.67158842e-01]

Minima Fit:5 | Start position: 7 | Value (cm-1) 118.0435 


 Coefficients for Angular coordinate: 25.0 

 No High Energy fitting! 

 No Long Range fitting! 


 Using Custom Function for full range fitting!
 Potential at initial R value: 948.7255934498295
 Fitting Coefficients for full region fit : 
[-9.31182436e+08  6.29682848e+08 -1.56507047e+08  2.00177756e+07
 -1.43960958e+06  4.99546649e+04 -1.37095734e+03 -1.73491640e-01]

Minima Fit:6 | Start position: 7 | Value (cm-1) 108.2179 


 Coefficients for Angular coordinate: 30.0 

 No High Energy fitting! 

 No Long Range fitting! 


 Using Custom Function for full range fitting!
 Potential at initial R value: 922.6981106277343
 Fitting Coefficients for full region fit : 
[-9.34255428e+08  6.43781305e+08 -1.64121887e+08  2.14734255e+07
 -1.56254446e+06  5.48041509e+04 -1.42839581e+03 -1.66593379e-01]

Minima Fit:7 | Start position: 7 | Value (cm-1) 97.2422 


 Coefficients for Angular coordinate: 35.0 

 No High Energy fitting! 

 No Long Range fitting! 


 Using Custom Function for full range fitting!
 Potential at initial R value: 847.3178266413942
 Fitting Coefficients for full region fit : 
[-9.38834556e+08  6.59415739e+08 -1.72961979e+08  2.33064266e+07
 -1.73657119e+06  6.28465462e+04 -1.55918678e+03 -1.15774051e-01]

Minima Fit:8 | Start position: 7 | Value (cm-1) 85.5001 


 Coefficients for Angular coordinate: 40.0 

 No High Energy fitting! 

 No Long Range fitting! 


 Using Custom Function for full range fitting!
 Potential at initial R value: 685.2898574593006
 Fitting Coefficients for full region fit : 
[-9.68305808e+08  6.89506691e+08 -1.85252937e+08  2.55736790e+07
 -1.93979994e+06  7.17446604e+04 -1.69478107e+03 -6.01865364e-02]

Minima Fit:9 | Start position: 7 | Value (cm-1) 73.9197 


 Coefficients for Angular coordinate: 45.0 

 No High Energy fitting! 

 No Long Range fitting! 


 Using Custom Function for full range fitting!
 Potential at initial R value: 531.2322598953077
 Fitting Coefficients for full region fit : 
[-9.70392855e+08  6.96464563e+08 -1.89839223e+08  2.65516243e+07
 -2.02835507e+06  7.54342162e+04 -1.73424413e+03 -3.68421209e-02]

Minima Fit:10 | Start position: 6 | Value (cm-1) 110.6969 


 Coefficients for Angular coordinate: 50.0 

 No High Energy fitting! 

 No Long Range fitting! 


 Using Custom Function for full range fitting!
 Potential at initial R value: 789.7389526427529
 Fitting Coefficients for full region fit : 
[-6.42347783e+08  4.67181192e+08 -1.27267434e+08  1.79187441e+07
 -1.39454834e+06  5.23291871e+04 -1.38588379e+03 -1.05278068e-01]

Minima Fit:11 | Start position: 6 | Value (cm-1) 96.0313 


 Coefficients for Angular coordinate: 55.0 

 No High Energy fitting! 

 No Long Range fitting! 


 Using Custom Function for full range fitting!
 Potential at initial R value: 773.5176327680227
 Fitting Coefficients for full region fit : 
[-5.62785795e+08  4.17723681e+08 -1.16479103e+08  1.68485472e+07
 -1.34790242e+06  5.20641972e+04 -1.38815236e+03 -1.02209989e-01]

Minima Fit:12 | Start position: 6 | Value (cm-1) 82.8323 


 Coefficients for Angular coordinate: 60.0 

 No High Energy fitting! 

 No Long Range fitting! 


 Using Custom Function for full range fitting!
 Potential at initial R value: 749.598288993108
 Fitting Coefficients for full region fit : 
[-4.93139485e+08  3.74426383e+08 -1.07210708e+08  1.59967011e+07
 -1.32174319e+06  5.28862652e+04 -1.41575754e+03 -8.71267145e-02]

Minima Fit:13 | Start position: 5 | Value (cm-1) 119.7769 


 Coefficients for Angular coordinate: 65.0 

 No High Energy fitting! 

 No Long Range fitting! 


 Using Custom Function for full range fitting!
 Potential at initial R value: 562.1959623113723
 Fitting Coefficients for full region fit : 
[-6.02106309e+08  4.62248510e+08 -1.36023554e+08  2.07184712e+07
 -1.72496645e+06  7.00315149e+04 -1.68767548e+03 -9.67642755e-03]

Minima Fit:14 | Start position: 5 | Value (cm-1) 106.9185 


 Coefficients for Angular coordinate: 70.0 

 No High Energy fitting! 

 No Long Range fitting! 


 Using Custom Function for full range fitting!
 Potential at initial R value: 659.563460563343
 Fitting Coefficients for full region fit : 
[-3.84876714e+08  3.00221069e+08 -8.86518270e+07  1.37229604e+07
 -1.17839727e+06  4.89718776e+04 -1.36182838e+03 -6.44454280e-02]

Minima Fit:15 | Start position: 5 | Value (cm-1) 96.871 


 Coefficients for Angular coordinate: 75.0 

 No High Energy fitting! 

 No Long Range fitting! 


 Using Custom Function for full range fitting!
 Potential at initial R value: 706.1927547291397
 Fitting Coefficients for full region fit : 
[-2.36639894e+08  1.87468910e+08 -5.49517432e+07  8.61072802e+06
 -7.65839232e+05  3.24678616e+04 -1.09556133e+03 -1.11169809e-01]

Minima Fit:16 | Start position: 5 | Value (cm-1) 89.9017 


 Coefficients for Angular coordinate: 80.0 

 No High Energy fitting! 

 No Long Range fitting! 


 Using Custom Function for full range fitting!
 Potential at initial R value: 721.6409177089735
 Fitting Coefficients for full region fit : 
[-1.55388266e+08  1.25443092e+08 -3.63458849e+07  5.76471610e+06
 -5.33078886e+05  2.30098152e+04 -9.37988387e+02 -1.44013053e-01]

Minima Fit:17 | Start position: 5 | Value (cm-1) 85.8611 


 Coefficients for Angular coordinate: 85.0 

 No High Energy fitting! 

 No Long Range fitting! 


 Using Custom Function for full range fitting!
 Potential at initial R value: 715.5953612011582
 Fitting Coefficients for full region fit : 
[-1.41885381e+08  1.17186979e+08 -3.46289976e+07  5.61186724e+06
 -5.28244739e+05  2.30929901e+04 -9.36012648e+02 -1.56053636e-01]

Minima Fit:18 | Start position: 5 | Value (cm-1) 84.3115 


 Coefficients for Angular coordinate: 90.0 

 No High Energy fitting! 

 No Long Range fitting! 


 Using Custom Function for full range fitting!
 Potential at initial R value: 689.9595783310949
 Fitting Coefficients for full region fit : 
[-1.93845753e+08  1.61980908e+08 -4.99921644e+07  8.25432302e+06
 -7.65569980e+05  3.34642216e+04 -1.10150508e+03 -1.47600970e-01]
 TQDM LOOP (Function Fitting Done!) :
 |||||||||||||||||||||||||||||||||||||||||||||||||||||||||||| 100% |



Saving fitted PES (Fnfit_PES.dat) and residuals (residuals_Fnfit_PES.dat) to: 
 /Volumes/Crucial_X6/Cn/2D/Projects/qz_NN/PESFnFit/ 


Plotting residuals for E fit (R) at location: 
 /Volumes/Crucial_X6/Cn/2D/Projects/qz_NN/PESFnFit/Plots/ 



Saving a copy of fitted PES (Fnfit_PES.dat) to: 
 /Volumes/Crucial_X6/Cn/2D/Projects/qz_NN/ 


#-------------------------------------------------------------------#
#-------#    2D PES Fitted into analytical expression!    #---------#
#-------------------------------------------------------------------#


#####################################################################
#####################    PES2MP Finished     ########################
#####################################################################
Run time: 0 hours, 0 minutes, 2.06 seconds
#####################################################################


#####################################################################
--- Date 2025-06-30 12:55:33 ---
#####################################################################
#####################    PES2MP Initiated    ########################
#####################################################################
 
 /data and /project folders created. 


 Create_PES_input = False : Checking input for external Plots! 
  
 No plots created. Create_PES_input / Run_psi4 and Plot_PES are False 

 NNGen = False : Skipping NN Model! 
 
#-------------------------------------------------------------------#
#----------------#    Using MP Expansion module    #----------------#
#-------------------------------------------------------------------#



The loaded PES: --> 
     0    1            2
0  2.5  0.0  3607.439916
1  2.6  0.0  2375.554657
2  2.7  0.0  1556.238306
3  2.8  0.0  1011.703085
4  2.9  0.0   650.354953
 Generating new legendre coefficient from scratch and saving 2D_L_coeff.npy in --> 
/Volumes/Crucial_X6/Cn/2D/Projects/qz_NN/MP_files/


 A preview of radial terms: 
      R           0           2  ...          32          34         36
0  2.5  817.473241  542.843318  ... -209.664972 -161.472275  42.840920
1  2.6  668.255250  519.950764  ... -104.734980  -80.043681  19.667375
2  2.7  508.274865  437.010965  ...  -50.124745  -37.772693   8.451319
3  2.8  366.327239  340.549246  ...  -22.679571  -16.650155   3.321236
4  2.9  251.827631  251.754516  ...   -9.492790   -6.616878   1.152497

[5 rows x 20 columns]

Saving final radial terms file 2D_Vlam.dat in above folder! 

 Radial terms plots are available in above folder/MP_plots. 

#-------------------------------------------------------------------#
#---------------#    2D Mutipole Expansion Done!    #---------------#
#-------------------------------------------------------------------#


 FnFit = False : Skipping Analytical Fitting of Radial Coefficients! 
 
#####################################################################
#####################    PES2MP Finished     ########################
#####################################################################
Run time: 0 hours, 0 minutes, 2.52 seconds
#####################################################################


#####################################################################
--- Date 2025-06-30 12:55:36 ---
#####################################################################
#####################    PES2MP Initiated    ########################
#####################################################################
 
 /data and /project folders created. 


 Create_PES_input = False : Checking input for external Plots! 
  
 No plots created. Create_PES_input / Run_psi4 and Plot_PES are False 

 NNGen = False : Skipping NN Model! 
 
 MPExp = False : Skipping Multipole Expansion! 
 
#-------------------------------------------------------------------#
#----------------#    Using Function Fit module    #----------------#
#-------------------------------------------------------------------#

Fitting Radial coefficients obtained after multipole expansion!


Minima Fit:0 | Start position: 0 | Value (cm-1) 817.4732408796428 

RMSE 0 | 4.160140404603395e-13 


Minima Fit:1 | Start position: 0 | Value (cm-1) 542.8433183297949 

RMSE 1 | 1.5211745224365078e-13 


Minima Fit:2 | Start position: 0 | Value (cm-1) 747.3369598279786 

RMSE 2 | 3.5115270675966167e-13 


Minima Fit:3 | Start position: 0 | Value (cm-1) 721.8288961408994 

RMSE 3 | 3.062684620578972e-13 


Minima Fit:4 | Start position: 0 | Value (cm-1) 701.6247006308408 

RMSE 4 | 4.4516101175188407e-13 


Minima Fit:5 | Start position: 0 | Value (cm-1) 503.7889529184576 

RMSE 5 | 1.8800638108587665e-13 


Minima Fit:6 | Start position: 0 | Value (cm-1) 560.6088487198057 

RMSE 6 | 1.779881717326113e-13 


Minima Fit:7 | Start position: 0 | Value (cm-1) 542.9726577219556 

RMSE 7 | 5.043945083092329e-13 


Minima Fit:8 | Start position: 0 | Value (cm-1) -58.9266543486446 

RMSE 8 | 3.6226847411861195e-13 


Minima Fit:9 | Start position: 0 | Value (cm-1) -124.09586089167792 

RMSE 9 | 1.5552324863816345e-13 


Minima Fit:10 | Start position: 0 | Value (cm-1) -14.943167403848491 

RMSE 10 | 5.636679031574012e-13 


Minima Fit:11 | Start position: 0 | Value (cm-1) -196.92223140084545 

RMSE 11 | 2.9784285078924173e-13 


Minima Fit:12 | Start position: 0 | Value (cm-1) -283.86026950898315 

RMSE 12 | 8.064018757335515e-13 


Minima Fit:13 | Start position: 0 | Value (cm-1) -289.06553436832496 

RMSE 13 | 2.8510982993901313e-13 


Minima Fit:14 | Start position: 0 | Value (cm-1) -219.57627215104873 

RMSE 14 | 6.200833468604798e-13 


Minima Fit:15 | Start position: 0 | Value (cm-1) -15.351342459025949 

RMSE 15 | 3.116518250425039e-13 


Minima Fit:16 | Start position: 0 | Value (cm-1) -209.66497178602415 

RMSE 16 | 4.2537507871062983e-13 


Minima Fit:17 | Start position: 0 | Value (cm-1) -161.47227469583515 

RMSE 17 | 1.7899821899988526e-13 


Minima Fit:18 | Start position: 0 | Value (cm-1) 42.840920096453885 

RMSE 18 | 1.8630967152782653e-13 

 Start position for fitting each radial term : 
start_pos = 
 [0. 0. 0. 0. 0. 0. 0. 0. 0. 0. 0. 0. 0. 0. 0. 0. 0. 0. 0.] 

 Mean RMS Error | 3.5443868725886645e-13 


Saving analytically fitted V_lam data (FnFitted_Vlam.dat) at locations: 
  /Volumes/Crucial_X6/Cn/2D/Projects/qz_NN/MP_files/ 
 and 
 /Volumes/Crucial_X6/Cn/2D/Projects/qz_NN/MP_files/VlamFnFit/ 

The coefficients for custom functions are saved in Raw format in Proj_name folder. The same can be converted manually!

Saving V_lam raw coefficients at location: 
 /Volumes/Crucial_X6/Cn/2D/Projects/qz_NN/ 

Saving MOLSCAT &POTL (MOLSCAT_POT.txt) at location: 
 /Volumes/Crucial_X6/Cn/2D/Projects/qz_NN/ 

#-------------------------------------------------------------------#
#-----------------#    MOLSCAT &POTL Generated    #-----------------#
#-------------------------------------------------------------------#


#####################################################################
#####################    PES2MP Finished     ########################
#####################################################################
Run time: 0 hours, 0 minutes, 5.06 seconds
#####################################################################


#####################################################################
--- Date 2025-07-01 14:17:16 ---
#####################################################################
#####################    PES2MP Initiated    ########################
#####################################################################
 
 /data and /project folders created. 


 Create_PES_input = False : Checking input for external Plots! 
  
 No plots created. Create_PES_input / Run_psi4 and Plot_PES are False 

#-------------------------------------------------------------------#
#--------------------#    Using NNGen module    #-------------------#
#-------------------------------------------------------------------#



The loaded PES: --> 
     0    1            2
0  2.5  0.0  2643.226149
1  2.6  0.0  1876.106721
2  2.7  0.0  1308.628966
3  2.8  0.0   896.083080
4  2.9  0.0   599.457756

Important Notice:
    (a) The first Num_X molumns must be input coordinates and last Num_Y columns must be output descriptors.
    (b) The first column must be R i.e. the radial coordinate (Needed for seperating boundary elements.
    Unless you are familiar with modifying the code or have some other application, keep the first column as R! 

     0    1            2
0  2.5  0.0  2643.226149
1  2.6  0.0  1876.106721
2  2.7  0.0  1308.628966
3  2.8  0.0   896.083080
4  2.9  0.0   599.457756
 Energy partitioning based on input value (High_E_cutoff) entered in input file! Num of data points in minima region = 1296 

 Num of data points in high energy region = 129 

 Partitioned data Saved ! Check -> 
/Volumes/Crucial_X6/Cn/2D/Projects/qz_NN/NN_files/
 

 Boundary elements of dataframes (based on input coordinates) are exteacted, plotted, and saved to files!
 Check Out -> 
/Volumes/Crucial_X6/Cn/2D/Projects/qz_NN/NN_files/NN_plots/boundary_data/
 
Various Split Ratios: 

 Training [25, 25, 25, 25]
 Testing [5, 5, 5, 5]
 Validation [70 70 70 70] 

Seed for random skitlearn split of training, testing and validation dataset: 1 

 Folder where keras-tuner (trial) data will be saved : --> 
Projects/qz_NN/NN_files/NN_trial_models/nn25/' 


 Folder where final NN data will be saved : --> 
Projects/qz_NN/NN_files/NN_final_models/nn25/' 


 Plot for NN architecture will be saved inside respective folders for base and ensemble models! 


 Feature and target scaling are saved as pickle files: --> 
nn25


 NN HyperParameters loaded! 

 Using PES specific NN Model! 

 Finding optimum architecture for model 0!
 Optimum architecture found! Optimising weights and biases! 
 Fitting Minima region! 

 TQDM LOOP (Base NN Model): Minima region fitted:
 |||||||||||||||||||||||||||||||||||||||||||||||||||||||||||| 100% |


 Base model 0 training complete 
 Final model saved!!
 Base model 0 Prediction Matrics : 
Model 0 : full_loss = 1.1213 , full_mae = 1.5858 

 
 Predicting PES based on input coordinates for base model 0! 

 NN HyperParameters loaded! 

 Using PES specific NN Model! 

 Finding optimum architecture for model 1!
 Optimum architecture found! Optimising weights and biases! 
 Fitting Minima region! 

 TQDM LOOP (Base NN Model): Minima region fitted:
 |||||||||||||||||||||||||||||||||||||||||||||||||||||||||||| 100% |


 Base model 1 training complete 
 Final model saved!!
 Base model 1 Prediction Matrics : 
Model 1 : full_loss = 1.1215 , full_mae = 1.5861 

 
 Predicting PES based on input coordinates for base model 1! 

 NN HyperParameters loaded! 

 Using PES specific NN Model! 

 Finding optimum architecture for model 2!
 Optimum architecture found! Optimising weights and biases! 
 Fitting Minima region! 

 TQDM LOOP (Base NN Model): Minima region fitted:
 |||||||||||||||||||||||||||||||||||||||||||||||||||||||||||| 100% |


 Base model 2 training complete 
 Final model saved!!
 Base model 2 Prediction Matrics : 
Model 2 : full_loss = 1.1217 , full_mae = 1.5864 

 
 Predicting PES based on input coordinates for base model 2! 

 NN HyperParameters loaded! 

 Using PES specific NN Model! 

 Finding optimum architecture for model 3!
 Optimum architecture found! Optimising weights and biases! 
 Fitting Minima region! 

 TQDM LOOP (Base NN Model): Minima region fitted:
 |||||||||||||||||||||||||||||||||||||||||||||||||||||||||||| 100% |


 Base model 3 training complete 
 Final model saved!!
 Base model 3 Prediction Matrics : 
Model 3 : full_loss = 1.1213 , full_mae = 1.5858 

 
 Predicting PES based on input coordinates for base model 3! 

 Fine Tuning weights and biases in Ensemble Model (uses minima region only)! 


 The Enseble NN model will ALLOW for base model to be RETRAINED!
 Make sure that the number of models are not too large as it may slow down training considerably! 


 TQDM LOOP (Ensemble NN Model fitted) :
 |||||||||||||||||||||||||||||||||||||||||||||||||||||||||||| 100% |


 Ensemble model training complete 
 Final model saved!!
 Folder where Ensemble NN data will be saved : --> 
 'Projects/qz_NN/NN_files/NN_final_models/nn25/Ensemble_tuned/' 


 Ensemble Prediction Matrics : 
Fine Tuning: full_loss = 1.1234 , full_mae = 1.5881 

 Predicting PES based on input coordinates using ensemble model! 


Saving final NN model at parent directory : --> 
Projects/qz_NN/' 


#-------------------------------------------------------------------#
#---------------------#    NN Model Created    #--------------------#
#-------------------------------------------------------------------#


 MPExp = False : Skipping Multipole Expansion! 
 
 FnFit = False : Skipping Analytical Fitting of Radial Coefficients! 
 
#####################################################################
#####################    PES2MP Finished     ########################
#####################################################################
Run time: 3 hours, 2 minutes, 37.50 seconds
#####################################################################


#####################################################################
--- Date 2025-07-01 18:08:11 ---
#####################################################################
#####################    PES2MP Initiated    ########################
#####################################################################
 
 /data and /project folders created. 


 Create_PES_input = False : Checking input for external Plots! 
  
 No plots created. Create_PES_input / Run_psi4 and Plot_PES are False 

 NNGen = False : Skipping NN Model! 
 
 MPExp = False : Skipping Multipole Expansion! 
 
#-------------------------------------------------------------------#
#----------------#    Using Function Fit module    #----------------#
#-------------------------------------------------------------------#


 Fitting PES data into analytical function! 


The loaded PES: --> 
     0    1         2
0  2.5  0.0  124.3861
1  2.6  0.0  126.1343
2  2.7  0.0  127.5567
3  2.8  0.0  127.9347
4  2.9  0.0  126.2332
 2D Collision: Extracting end and start radial positions for each angular term: 

 TQDM LOOP (end and start radial positions extracted from PES!) :
 |||||||||||||||||||||||||||||||||||||||||||||||||||||||||||| 100% |

Start End Positions: 
Start Positions: 
 [   0  476  952 1428 1904 2380 2856 3332 3808 4284 4760 5236 5712 6188
 6664 7140 7616 8092 8568] 
End Positions: 
 [ 476  952 1428 1904 2380 2856 3332 3808 4284 4760 5236 5712 6188 6664
 7140 7616 8092 8568 9044] 
 

 TQDM LOOP (R/Theta coordinates Generated!) :
 |||||||||||||||||||||||||||||||||||||||||||||||||||||||||||| 100% |


 Fitting PES each angle at a time: 


Minima Fit:0 | Start position: 7 | Value (cm-1) 105.856 


 Coefficients for Angular coordinate: 0.0 

 No High Energy fitting! 

 No Long Range fitting! 


 Using Custom Function for full range fitting!
 Potential at initial R value: -18053.49502114439
 Fitting Coefficients for full region fit : 
[-1.35289730e+10  9.26276981e+09 -2.50416296e+09  3.41980820e+08
 -2.47071925e+07  8.82237779e+05 -1.30166110e+04  2.03428602e+00]

Minima Fit:1 | Start position: 6 | Value (cm-1) 100.2063 


 Coefficients for Angular coordinate: 5.0 

 No High Energy fitting! 

 No Long Range fitting! 


 Using Custom Function for full range fitting!
 Potential at initial R value: -9646.163467353992
 Fitting Coefficients for full region fit : 
[-4.32041478e+09  2.39637847e+09 -4.76578154e+08  4.10729441e+07
 -1.26423322e+06 -1.93602456e+04  4.84027889e+02 -8.82957403e-01]

Minima Fit:2 | Start position: 5 | Value (cm-1) 98.0873 


 Coefficients for Angular coordinate: 10.0 

 No High Energy fitting! 

 No Long Range fitting! 


 Using Custom Function for full range fitting!
 Potential at initial R value: 1942.0976233325684
 Fitting Coefficients for full region fit : 
[ 9.12763735e+09 -7.73668334e+09  2.55043757e+09 -4.14022812e+08
  3.47105811e+07 -1.42496039e+06  2.18703340e+04 -5.65773400e+00]

Minima Fit:3 | Start position: 3 | Value (cm-1) 101.7561 


 Coefficients for Angular coordinate: 15.0 

 No High Energy fitting! 

 No Long Range fitting! 


 Using Custom Function for full range fitting!
 Potential at initial R value: 1726.675376247794
 Fitting Coefficients for full region fit : 
[ 7.77649500e+09 -6.56845375e+09  2.15357741e+09 -3.46695797e+08
  2.87372246e+07 -1.16369834e+06  1.74322737e+04 -4.44594536e+00]

Minima Fit:4 | Start position: 3 | Value (cm-1) 100.4779 


 Coefficients for Angular coordinate: 20.0 

 No High Energy fitting! 

 No Long Range fitting! 


 Using Custom Function for full range fitting!
 Potential at initial R value: 1667.0435650324664
 Fitting Coefficients for full region fit : 
[ 8.34013651e+09 -7.15154865e+09  2.38815012e+09 -3.93200226e+08
  3.34709644e+07 -1.39619780e+06  2.17959642e+04 -5.72762138e+00]

Minima Fit:5 | Start position: 4 | Value (cm-1) 102.342 


 Coefficients for Angular coordinate: 25.0 

 No High Energy fitting! 

 No Long Range fitting! 


 Using Custom Function for full range fitting!
 Potential at initial R value: 948.8959352571432
 Fitting Coefficients for full region fit : 
[ 7.42322838e+09 -6.52769930e+09  2.23305802e+09 -3.76430604e+08
  3.28068492e+07 -1.40119398e+06  2.24289351e+04 -6.11607514e+00]

Minima Fit:6 | Start position: 7 | Value (cm-1) 101.6269 


 Coefficients for Angular coordinate: 30.0 

 No High Energy fitting! 

 No Long Range fitting! 


 Using Custom Function for full range fitting!
 Potential at initial R value: -1955.354002867984
 Fitting Coefficients for full region fit : 
[-2.60804131e+09  1.76317507e+09 -4.61056409e+08  6.11395342e+07
 -4.35065305e+06  1.51814476e+05 -2.74570773e+03  3.82363829e-02]

Minima Fit:7 | Start position: 7 | Value (cm-1) 97.0796 


 Coefficients for Angular coordinate: 35.0 

 No High Energy fitting! 

 No Long Range fitting! 


 Using Custom Function for full range fitting!
 Potential at initial R value: 693.1617802823936
 Fitting Coefficients for full region fit : 
[-9.16689750e+08  6.24031024e+08 -1.57255804e+08  2.02244018e+07
 -1.43624140e+06  4.85980945e+04 -1.29113997e+03 -2.29905222e-01]

Minima Fit:8 | Start position: 0 | Value (cm-1) 109.6848 


 Coefficients for Angular coordinate: 40.0 

 No High Energy fitting! 

 No Long Range fitting! 


 Using Custom Function for full range fitting!
 Potential at initial R value: 114.85130134626836
 Fitting Coefficients for full region fit : 
[ 1.42295745e+09 -1.12155729e+09  2.98736765e+08 -2.65717273e+07
 -7.18531411e+05  2.03272935e+05 -7.75112615e+03  3.55873926e+00]

Minima Fit:9 | Start position: 0 | Value (cm-1) 102.8889 


 Coefficients for Angular coordinate: 45.0 

 No High Energy fitting! 

 No Long Range fitting! 


 Using Custom Function for full range fitting!
 Potential at initial R value: 107.53658922480008
 Fitting Coefficients for full region fit : 
[ 1.96740595e+09 -1.70769181e+09  5.47696819e+08 -7.93151443e+07
  5.07436356e+06 -1.06082155e+05 -1.39547715e+03  1.34837266e+00]

Minima Fit:10 | Start position: 2 | Value (cm-1) 102.3061 


 Coefficients for Angular coordinate: 50.0 

 No High Energy fitting! 

 No Long Range fitting! 


 Using Custom Function for full range fitting!
 Potential at initial R value: 375.3869254395758
 Fitting Coefficients for full region fit : 
[ 5.93146971e+09 -5.53310132e+09  2.01594591e+09 -3.63623642e+08
  3.40517591e+07 -1.56614863e+06  2.72712128e+04 -8.21627559e+00]

Minima Fit:11 | Start position: 3 | Value (cm-1) 100.3427 


 Coefficients for Angular coordinate: 55.0 

 No High Energy fitting! 

 No Long Range fitting! 


 Using Custom Function for full range fitting!
 Potential at initial R value: -366.73066670290075
 Fitting Coefficients for full region fit : 
[ 2.57419114e+09 -2.57871264e+09  9.86738024e+08 -1.83520033e+08
  1.75029974e+07 -8.14805373e+05  1.40080571e+04 -4.47409634e+00]

Minima Fit:12 | Start position: 5 | Value (cm-1) 94.9404 


 Coefficients for Angular coordinate: 60.0 

 No High Energy fitting! 

 No Long Range fitting! 


 Using Custom Function for full range fitting!
 Potential at initial R value: -4656.9834680077065
 Fitting Coefficients for full region fit : 
[-6.47523260e+09  4.85611054e+09 -1.43902989e+09  2.15250778e+08
 -1.69953116e+07  6.62061776e+05 -1.06260956e+04  1.89378765e+00]

Minima Fit:13 | Start position: 4 | Value (cm-1) 89.3025 


 Coefficients for Angular coordinate: 65.0 

 No High Energy fitting! 

 No Long Range fitting! 


 Using Custom Function for full range fitting!
 Potential at initial R value: -2253.9485208358738
 Fitting Coefficients for full region fit : 
[-3.03182766e+09  2.18445188e+09 -6.15774601e+08  8.72157823e+07
 -6.49765632e+06  2.35868778e+05 -3.86800732e+03  2.99708692e-01]

Minima Fit:14 | Start position: 4 | Value (cm-1) 90.6328 


 Coefficients for Angular coordinate: 70.0 

 No High Energy fitting! 

 No Long Range fitting! 


 Using Custom Function for full range fitting!
 Potential at initial R value: -2217.66578566311
 Fitting Coefficients for full region fit : 
[-3.80578953e+09  2.89659673e+09 -8.71048669e+08  1.32553871e+08
 -1.06816722e+07  4.25266082e+05 -7.17427386e+03  1.20795563e+00]

Minima Fit:15 | Start position: 4 | Value (cm-1) 92.4094 


 Coefficients for Angular coordinate: 75.0 

 No High Energy fitting! 

 No Long Range fitting! 


 Using Custom Function for full range fitting!
 Potential at initial R value: -2202.0933953856334
 Fitting Coefficients for full region fit : 
[-4.36760713e+09  3.41219683e+09 -1.05563961e+09  1.65318436e+08
 -1.37016820e+07  5.61570102e+05 -9.53811134e+03  1.85364425e+00]

Minima Fit:16 | Start position: 4 | Value (cm-1) 98.1241 


 Coefficients for Angular coordinate: 80.0 

 No High Energy fitting! 

 No Long Range fitting! 


 Using Custom Function for full range fitting!
 Potential at initial R value: -2130.628455142701
 Fitting Coefficients for full region fit : 
[-4.78189929e+09  3.79530524e+09 -1.19253244e+09  1.89388879e+08
 -1.58862383e+07  6.58197104e+05 -1.11762276e+04  2.29736043e+00]

Minima Fit:17 | Start position: 4 | Value (cm-1) 98.0496 


 Coefficients for Angular coordinate: 85.0 

 No High Energy fitting! 

 No Long Range fitting! 


 Using Custom Function for full range fitting!
 Potential at initial R value: -1844.2464148962943
 Fitting Coefficients for full region fit : 
[-4.41392041e+09  3.51802371e+09 -1.10952777e+09  1.76784654e+08
 -1.48693879e+07  6.17250405e+05 -1.05252490e+04  2.15323209e+00]

Minima Fit:18 | Start position: 4 | Value (cm-1) 97.8585 


 Coefficients for Angular coordinate: 90.0 

 No High Energy fitting! 

 No Long Range fitting! 


 Using Custom Function for full range fitting!
 Potential at initial R value: -1731.068136848116
 Fitting Coefficients for full region fit : 
[-4.09517541e+09  3.24918995e+09 -1.01966900e+09  1.61700751e+08
 -1.35444522e+07  5.60073064e+05 -9.56609273e+03  1.88810960e+00]
 TQDM LOOP (Function Fitting Done!) :
 |||||||||||||||||||||||||||||||||||||||||||||||||||||||||||| 100% |



Saving fitted PES (Fnfit_PES.dat) and residuals (residuals_Fnfit_PES.dat) to: 
 /Volumes/Crucial_X6/Cn/2D/Projects/qz_NN/PESFnFit/ 


Plotting residuals for E fit (R) at location: 
 /Volumes/Crucial_X6/Cn/2D/Projects/qz_NN/PESFnFit/Plots/ 



Saving a copy of fitted PES (Fnfit_PES.dat) to: 
 /Volumes/Crucial_X6/Cn/2D/Projects/qz_NN/ 


#-------------------------------------------------------------------#
#-------#    2D PES Fitted into analytical expression!    #---------#
#-------------------------------------------------------------------#


#####################################################################
#####################    PES2MP Finished     ########################
#####################################################################
Run time: 0 hours, 0 minutes, 1.91 seconds
#####################################################################


#####################################################################
--- Date 2025-07-01 18:08:14 ---
#####################################################################
#####################    PES2MP Initiated    ########################
#####################################################################
 
 /data and /project folders created. 


 Create_PES_input = False : Checking input for external Plots! 
  
 No plots created. Create_PES_input / Run_psi4 and Plot_PES are False 

 NNGen = False : Skipping NN Model! 
 
#-------------------------------------------------------------------#
#----------------#    Using MP Expansion module    #----------------#
#-------------------------------------------------------------------#



The loaded PES: --> 
     0    1             2
0  2.5  0.0 -18053.495021
1  2.6  0.0  -8687.572103
2  2.7  0.0  -3889.055381
3  2.8  0.0  -1545.255460
4  2.9  0.0   -477.578839
 Generating new legendre coefficient from scratch and saving 2D_L_coeff.npy in --> 
/Volumes/Crucial_X6/Cn/2D/Projects/qz_NN/MP_files/


 A preview of radial terms: 
      R            0            2  ...           32           34           36
0  2.5 -1287.650159  2172.980366  ...  1797.253850  1613.601341 -1161.029254
1  2.6  -465.225466   806.026081  ...   896.837400   729.731742  -545.259997
2  2.7   -80.595607   264.614004  ...   427.448084   305.269721  -240.084121
3  2.8    74.589490    85.933565  ...   191.387277   113.722112   -96.269706
4  2.9   116.660638    47.423988  ...    78.136457    34.771625   -33.085626

[5 rows x 20 columns]

Saving final radial terms file 2D_Vlam.dat in above folder! 

 Radial terms plots are available in above folder/MP_plots. 

#-------------------------------------------------------------------#
#---------------#    2D Mutipole Expansion Done!    #---------------#
#-------------------------------------------------------------------#


 FnFit = False : Skipping Analytical Fitting of Radial Coefficients! 
 
#####################################################################
#####################    PES2MP Finished     ########################
#####################################################################
Run time: 0 hours, 0 minutes, 2.29 seconds
#####################################################################


#####################################################################
--- Date 2025-07-01 18:08:16 ---
#####################################################################
#####################    PES2MP Initiated    ########################
#####################################################################
 
 /data and /project folders created. 


 Create_PES_input = False : Checking input for external Plots! 
  
 No plots created. Create_PES_input / Run_psi4 and Plot_PES are False 

 NNGen = False : Skipping NN Model! 
 
 MPExp = False : Skipping Multipole Expansion! 
 
#-------------------------------------------------------------------#
#----------------#    Using Function Fit module    #----------------#
#-------------------------------------------------------------------#

Fitting Radial coefficients obtained after multipole expansion!


Minima Fit:0 | Start position: 0 | Value (cm-1) -1287.6501594812753 

RMSE 0 | 8.15778068822322e-13 


Minima Fit:1 | Start position: 0 | Value (cm-1) 2172.9803658472692 

RMSE 1 | 1.539905843316848e-11 


Minima Fit:2 | Start position: 0 | Value (cm-1) -370.6738330523688 

RMSE 2 | 2.8289827803331443e-12 


Minima Fit:3 | Start position: 0 | Value (cm-1) -2116.6152653649087 

RMSE 3 | 3.753805744523931e-12 


Minima Fit:4 | Start position: 0 | Value (cm-1) 707.2451711011175 

RMSE 4 | 3.6334485384907156e-12 


Minima Fit:5 | Start position: 0 | Value (cm-1) -1570.6426452916176 

RMSE 5 | 6.671024962095726e-12 


Minima Fit:6 | Start position: 0 | Value (cm-1) -4516.447119146331 

RMSE 6 | 3.770304649102852e-12 


Minima Fit:7 | Start position: 0 | Value (cm-1) -1976.5205491797788 

RMSE 7 | 2.170497544731696e-12 


Minima Fit:8 | Start position: 0 | Value (cm-1) -1025.8771913939754 

RMSE 8 | 1.8650357451095506e-12 


Minima Fit:9 | Start position: 0 | Value (cm-1) -3344.9927133103006 

RMSE 9 | 4.1003106163376425e-12 


Minima Fit:10 | Start position: 0 | Value (cm-1) 175.5610975800904 

RMSE 10 | 2.368968054817104e-12 


Minima Fit:11 | Start position: 0 | Value (cm-1) 58.06176004792207 

RMSE 11 | 3.753087951725111e-12 


Minima Fit:12 | Start position: 0 | Value (cm-1) -4549.0879194023755 

RMSE 12 | 6.515168304282473e-12 


Minima Fit:13 | Start position: 0 | Value (cm-1) -1958.7464527771367 

RMSE 13 | 4.322699700703006e-12 


Minima Fit:14 | Start position: 0 | Value (cm-1) 527.2368836438199 

RMSE 14 | 3.965344275259875e-12 


Minima Fit:15 | Start position: 0 | Value (cm-1) -1227.1523876071897 

RMSE 15 | 7.773066623418222e-12 


Minima Fit:16 | Start position: 0 | Value (cm-1) 1797.2538500284866 

RMSE 16 | 3.768591796843281e-12 


Minima Fit:17 | Start position: 0 | Value (cm-1) 1613.601340935646 

RMSE 17 | 5.224523848675125e-12 


Minima Fit:18 | Start position: 0 | Value (cm-1) -1161.0292543215176 

RMSE 18 | 2.2401591165208675e-12 

 Start position for fitting each radial term : 
start_pos = 
 [0. 0. 0. 0. 0. 0. 0. 0. 0. 0. 0. 0. 0. 0. 0. 0. 0. 0. 0.] 

 Mean RMS Error | 4.470518776576901e-12 


Saving analytically fitted V_lam data (FnFitted_Vlam.dat) at locations: 
  /Volumes/Crucial_X6/Cn/2D/Projects/qz_NN/MP_files/ 
 and 
 /Volumes/Crucial_X6/Cn/2D/Projects/qz_NN/MP_files/VlamFnFit/ 

The coefficients for custom functions are saved in Raw format in Proj_name folder. The same can be converted manually!

Saving V_lam raw coefficients at location: 
 /Volumes/Crucial_X6/Cn/2D/Projects/qz_NN/ 

Saving MOLSCAT &POTL (MOLSCAT_POT.txt) at location: 
 /Volumes/Crucial_X6/Cn/2D/Projects/qz_NN/ 

#-------------------------------------------------------------------#
#-----------------#    MOLSCAT &POTL Generated    #-----------------#
#-------------------------------------------------------------------#


#####################################################################
#####################    PES2MP Finished     ########################
#####################################################################
Run time: 0 hours, 0 minutes, 5.02 seconds
#####################################################################


#####################################################################
--- Date 2025-07-01 18:42:13 ---
#####################################################################
#####################    PES2MP Initiated    ########################
#####################################################################
 
 /data and /project folders created. 


 Create_PES_input = False : Checking input for external Plots! 
  
 No plots created. Create_PES_input / Run_psi4 and Plot_PES are False 

 NNGen = False : Skipping NN Model! 
 
 MPExp = False : Skipping Multipole Expansion! 
 
#-------------------------------------------------------------------#
#----------------#    Using Function Fit module    #----------------#
#-------------------------------------------------------------------#


 Fitting PES data into analytical function! 


The loaded PES: --> 
     0    1         2
0  2.5  0.0  361.5451
1  2.6  0.0  335.3978
2  2.7  0.0  309.0554
3  2.8  0.0  281.8377
4  2.9  0.0  252.7663
 2D Collision: Extracting end and start radial positions for each angular term: 

 TQDM LOOP (end and start radial positions extracted from PES!) :
 |||||||||||||||||||||||||||||||||||||||||||||||||||||||||||| 100% |

Start End Positions: 
Start Positions: 
 [   0  476  952 1428 1904 2380 2856 3332 3808 4284 4760 5236 5712 6188
 6664 7140 7616 8092 8568] 
End Positions: 
 [ 476  952 1428 1904 2380 2856 3332 3808 4284 4760 5236 5712 6188 6664
 7140 7616 8092 8568 9044] 
 

 TQDM LOOP (R/Theta coordinates Generated!) :
 |||||||||||||||||||||||||||||||||||||||||||||||||||||||||||| 100% |


 Fitting PES each angle at a time: 


Minima Fit:0 | Start position: 8 | Value (cm-1) 83.5452 


 Coefficients for Angular coordinate: 0.0 

 No High Energy fitting! 

 No Long Range fitting! 


 Using Custom Function for full range fitting!
 Potential at initial R value: 4118.544530431838
 Fitting Coefficients for full region fit : 
[ 4.30167738e+08 -2.36513543e+08  6.13075835e+07 -7.02019083e+06
  2.69862268e+05 -1.62487890e+03 -8.38917958e+02 -2.35051131e-01]

Minima Fit:1 | Start position: 8 | Value (cm-1) 82.3662 


 Coefficients for Angular coordinate: 5.0 

 No High Energy fitting! 

 No Long Range fitting! 


 Using Custom Function for full range fitting!
 Potential at initial R value: 3893.3901920990365
 Fitting Coefficients for full region fit : 
[ 5.21009886e+08 -3.32048205e+08  9.68202891e+07 -1.32940356e+07
  8.35467130e+05 -2.66335703e+04 -3.97582004e+02 -3.66519040e-01]

Minima Fit:2 | Start position: 8 | Value (cm-1) 79.931 


 Coefficients for Angular coordinate: 10.0 

 No High Energy fitting! 

 No Long Range fitting! 


 Using Custom Function for full range fitting!
 Potential at initial R value: 2943.6625483938765
 Fitting Coefficients for full region fit : 
[ 1.26876168e+08 -8.77083209e+07  3.71503995e+07 -6.06003117e+06
  3.83080182e+05 -1.28515055e+04 -5.54880287e+02 -3.47969560e-01]

Minima Fit:3 | Start position: 8 | Value (cm-1) 76.4717 


 Coefficients for Angular coordinate: 15.0 

 No High Energy fitting! 

 No Long Range fitting! 


 Using Custom Function for full range fitting!
 Potential at initial R value: 1633.5393249442602
 Fitting Coefficients for full region fit : 
[-5.63062877e+08  3.69629545e+08 -8.33642058e+07  9.90682151e+06
 -7.28478829e+05  2.56983994e+04 -1.07725474e+03 -2.44960197e-01]

Minima Fit:4 | Start position: 7 | Value (cm-1) 124.73 


 Coefficients for Angular coordinate: 20.0 

 No High Energy fitting! 

 No Long Range fitting! 


 Using Custom Function for full range fitting!
 Potential at initial R value: 209.9630188071226
 Fitting Coefficients for full region fit : 
[-1.39259838e+09  9.32681574e+08 -2.35246660e+08  3.04764000e+07
 -2.18929171e+06  7.71970208e+04 -1.78202425e+03 -9.74309638e-02]

Minima Fit:5 | Start position: 7 | Value (cm-1) 117.4179 


 Coefficients for Angular coordinate: 25.0 

 No High Energy fitting! 

 No Long Range fitting! 


 Using Custom Function for full range fitting!
 Potential at initial R value: 645.2526107877437
 Fitting Coefficients for full region fit : 
[-1.08706948e+09  7.30549553e+08 -1.82436179e+08  2.34170938e+07
 -1.68204902e+06  5.90884418e+04 -1.51959660e+03 -1.31713875e-01]

Minima Fit:6 | Start position: 7 | Value (cm-1) 108.0468 


 Coefficients for Angular coordinate: 30.0 

 No High Energy fitting! 

 No Long Range fitting! 


 Using Custom Function for full range fitting!
 Potential at initial R value: 916.2097113337967
 Fitting Coefficients for full region fit : 
[-8.94726346e+08  6.10807202e+08 -1.53644662e+08  1.98670971e+07
 -1.44019965e+06  5.06512040e+04 -1.38608435e+03 -1.50021089e-01]

Minima Fit:7 | Start position: 7 | Value (cm-1) 97.0917 


 Coefficients for Angular coordinate: 35.0 

 No High Energy fitting! 

 No Long Range fitting! 


 Using Custom Function for full range fitting!
 Potential at initial R value: 948.3143413315283
 Fitting Coefficients for full region fit : 
[-8.46797871e+08  5.92156740e+08 -1.53334163e+08  2.03903087e+07
 -1.50492138e+06  5.35352650e+04 -1.41008994e+03 -1.50897521e-01]

Minima Fit:8 | Start position: 7 | Value (cm-1) 85.441 


 Coefficients for Angular coordinate: 40.0 

 No High Energy fitting! 

 No Long Range fitting! 


 Using Custom Function for full range fitting!
 Potential at initial R value: 769.4419635918122
 Fitting Coefficients for full region fit : 
[-9.15807200e+08  6.52611796e+08 -1.74565083e+08  2.39197732e+07
 -1.79454117e+06  6.48876485e+04 -1.55838338e+03 -1.31303516e-01]

Minima Fit:9 | Start position: 6 | Value (cm-1) 124.6954 


 Coefficients for Angular coordinate: 45.0 

 No High Energy fitting! 

 No Long Range fitting! 


 Using Custom Function for full range fitting!
 Potential at initial R value: 215.5918353923413
 Fitting Coefficients for full region fit : 
[-1.26059230e+09  9.06776516e+08 -2.50036342e+08  3.51613306e+07
 -2.66778286e+06  9.83943573e+04 -2.03899628e+03 -3.38443725e-02]

Minima Fit:10 | Start position: 6 | Value (cm-1) 110.0543 


 Coefficients for Angular coordinate: 50.0 

 No High Energy fitting! 

 No Long Range fitting! 


 Using Custom Function for full range fitting!
 Potential at initial R value: 583.607656308469
 Fitting Coefficients for full region fit : 
[-8.31187006e+08  6.04730311e+08 -1.67014468e+08  2.36967502e+07
 -1.83500142e+06  6.87783463e+04 -1.61573451e+03 -1.09186663e-01]

Minima Fit:11 | Start position: 6 | Value (cm-1) 95.8236 


 Coefficients for Angular coordinate: 55.0 

 No High Energy fitting! 

 No Long Range fitting! 


 Using Custom Function for full range fitting!
 Potential at initial R value: 751.6520727554164
 Fitting Coefficients for full region fit : 
[-5.71304847e+08  4.23167669e+08 -1.17961885e+08  1.70763743e+07
 -1.36844751e+06  5.30015076e+04 -1.40109712e+03 -1.32674777e-01]

Minima Fit:12 | Start position: 6 | Value (cm-1) 82.7114 


 Coefficients for Angular coordinate: 60.0 

 No High Energy fitting! 

 No Long Range fitting! 


 Using Custom Function for full range fitting!
 Potential at initial R value: 807.0226676414326
 Fitting Coefficients for full region fit : 
[-4.13866910e+08  3.13823512e+08 -8.89365953e+07  1.32397172e+07
 -1.10431311e+06  4.44337190e+04 -1.28721511e+03 -1.33216224e-01]

Minima Fit:13 | Start position: 5 | Value (cm-1) 117.3918 


 Coefficients for Angular coordinate: 65.0 

 No High Energy fitting! 

 No Long Range fitting! 


 Using Custom Function for full range fitting!
 Potential at initial R value: 315.99894471882624
 Fitting Coefficients for full region fit : 
[-8.66253220e+08  6.59699027e+08 -1.94604689e+08  2.94700325e+07
 -2.41212013e+06  9.66746752e+04 -2.09000145e+03  7.07797540e-02]

Minima Fit:14 | Start position: 5 | Value (cm-1) 105.7084 


 Coefficients for Angular coordinate: 70.0 

 No High Energy fitting! 

 No Long Range fitting! 


 Using Custom Function for full range fitting!
 Potential at initial R value: 532.771607163842
 Fitting Coefficients for full region fit : 
[-5.25697931e+08  4.05827087e+08 -1.20016614e+08  1.83970928e+07
 -1.54274383e+06  6.29232505e+04 -1.56885787e+03 -2.46874625e-02]

Minima Fit:15 | Start position: 5 | Value (cm-1) 96.4443 


 Coefficients for Angular coordinate: 75.0 

 No High Energy fitting! 

 No Long Range fitting! 


 Using Custom Function for full range fitting!
 Potential at initial R value: 649.3332127854667
 Fitting Coefficients for full region fit : 
[-3.14458403e+08  2.47687784e+08 -7.33977172e+07  1.14429883e+07
 -9.93024051e+05  4.14082888e+04 -1.23140172e+03 -8.62943847e-02]

Minima Fit:16 | Start position: 5 | Value (cm-1) 89.802 


 Coefficients for Angular coordinate: 80.0 

 No High Energy fitting! 

 No Long Range fitting! 


 Using Custom Function for full range fitting!
 Potential at initial R value: 701.3718001404269
 Fitting Coefficients for full region fit : 
[-1.97613209e+08  1.59944645e+08 -4.75054444e+07  7.57458382e+06
 -6.86462049e+05  2.93736645e+04 -1.03903171e+03 -1.30663835e-01]

Minima Fit:17 | Start position: 5 | Value (cm-1) 85.7542 


 Coefficients for Angular coordinate: 85.0 

 No High Energy fitting! 

 No Long Range fitting! 


 Using Custom Function for full range fitting!
 Potential at initial R value: 716.9267044757422
 Fitting Coefficients for full region fit : 
[-1.45550884e+08  1.20940587e+08 -3.60819165e+07  5.88233560e+06
 -5.53378425e+05  2.41527727e+04 -9.50139613e+02 -1.75096357e-01]

Minima Fit:18 | Start position: 5 | Value (cm-1) 84.1291 


 Coefficients for Angular coordinate: 90.0 

 No High Energy fitting! 

 No Long Range fitting! 


 Using Custom Function for full range fitting!
 Potential at initial R value: 708.7136362616674
 Fitting Coefficients for full region fit : 
[-1.43840957e+08  1.20087695e+08 -3.60398210e+07  5.90602131e+06
 -5.56552627e+05  2.41776374e+04 -9.36287118e+02 -2.31093678e-01]
 TQDM LOOP (Function Fitting Done!) :
 |||||||||||||||||||||||||||||||||||||||||||||||||||||||||||| 100% |



Saving fitted PES (Fnfit_PES.dat) and residuals (residuals_Fnfit_PES.dat) to: 
 /Volumes/Crucial_X6/Cn/2D/Projects/qz_NN/PESFnFit/ 


Plotting residuals for E fit (R) at location: 
 /Volumes/Crucial_X6/Cn/2D/Projects/qz_NN/PESFnFit/Plots/ 



Saving a copy of fitted PES (Fnfit_PES.dat) to: 
 /Volumes/Crucial_X6/Cn/2D/Projects/qz_NN/ 


#-------------------------------------------------------------------#
#-------#    2D PES Fitted into analytical expression!    #---------#
#-------------------------------------------------------------------#


#####################################################################
#####################    PES2MP Finished     ########################
#####################################################################
Run time: 0 hours, 0 minutes, 1.96 seconds
#####################################################################


#####################################################################
--- Date 2025-07-01 18:42:15 ---
#####################################################################
#####################    PES2MP Initiated    ########################
#####################################################################
 
 /data and /project folders created. 


 Create_PES_input = False : Checking input for external Plots! 
  
 No plots created. Create_PES_input / Run_psi4 and Plot_PES are False 

 NNGen = False : Skipping NN Model! 
 
#-------------------------------------------------------------------#
#----------------#    Using MP Expansion module    #----------------#
#-------------------------------------------------------------------#



The loaded PES: --> 
     0    1            2
0  2.5  0.0  4118.544530
1  2.6  0.0  2639.400577
2  2.7  0.0  1687.541710
3  2.8  0.0  1074.029585
4  2.9  0.0   678.105717
 Generating new legendre coefficient from scratch and saving 2D_L_coeff.npy in --> 
/Volumes/Crucial_X6/Cn/2D/Projects/qz_NN/MP_files/


 A preview of radial terms: 
      R           0           2  ...          32          34         36
0  2.5  718.379083  402.749991  ... -159.705862 -366.056230  31.920519
1  2.6  619.202684  446.095365  ...  -75.970059 -177.701148  12.020766
2  2.7  485.016756  399.353211  ...  -34.073553  -82.034420   3.385405
3  2.8  355.889452  322.149193  ...  -14.072308  -35.408614   0.126584
4  2.9  247.472324  243.259917  ...   -5.115279  -13.885160  -0.766267

[5 rows x 20 columns]

Saving final radial terms file 2D_Vlam.dat in above folder! 

 Radial terms plots are available in above folder/MP_plots. 

#-------------------------------------------------------------------#
#---------------#    2D Mutipole Expansion Done!    #---------------#
#-------------------------------------------------------------------#


 FnFit = False : Skipping Analytical Fitting of Radial Coefficients! 
 
#####################################################################
#####################    PES2MP Finished     ########################
#####################################################################
Run time: 0 hours, 0 minutes, 2.89 seconds
#####################################################################


#####################################################################
--- Date 2025-07-01 18:42:19 ---
#####################################################################
#####################    PES2MP Initiated    ########################
#####################################################################
 
 /data and /project folders created. 


 Create_PES_input = False : Checking input for external Plots! 
  
 No plots created. Create_PES_input / Run_psi4 and Plot_PES are False 

 NNGen = False : Skipping NN Model! 
 
 MPExp = False : Skipping Multipole Expansion! 
 
#-------------------------------------------------------------------#
#----------------#    Using Function Fit module    #----------------#
#-------------------------------------------------------------------#

Fitting Radial coefficients obtained after multipole expansion!


Minima Fit:0 | Start position: 0 | Value (cm-1) 718.3790832286726 

RMSE 0 | 5.090513021976993e-13 


Minima Fit:1 | Start position: 0 | Value (cm-1) 402.7499913317485 

RMSE 1 | 3.6848162221658943e-13 


Minima Fit:2 | Start position: 0 | Value (cm-1) 674.5106832682123 

RMSE 2 | 3.8310694416452606e-13 


Minima Fit:3 | Start position: 0 | Value (cm-1) 529.5799838997516 

RMSE 3 | 1.9585380251201963e-13 


Minima Fit:4 | Start position: 0 | Value (cm-1) 755.4477483765709 

RMSE 4 | 5.426449117512342e-13 


Minima Fit:5 | Start position: 0 | Value (cm-1) 623.5385427371459 

RMSE 5 | 1.8556360052312903e-13 


Minima Fit:6 | Start position: 0 | Value (cm-1) 899.8267120175652 

RMSE 6 | 2.9896041444389515e-13 


Minima Fit:7 | Start position: 0 | Value (cm-1) 527.6960249326082 

RMSE 7 | 2.1373727559384497e-13 


Minima Fit:8 | Start position: 0 | Value (cm-1) -645.9913341256016 

RMSE 8 | 6.516179583000906e-13 


Minima Fit:9 | Start position: 0 | Value (cm-1) -294.21346823682364 

RMSE 9 | 3.229897377448971e-13 


Minima Fit:10 | Start position: 0 | Value (cm-1) 74.63713859442042 

RMSE 10 | 4.336289406200782e-13 


Minima Fit:11 | Start position: 0 | Value (cm-1) -363.5722180655311 

RMSE 11 | 7.607206997253777e-13 


Minima Fit:12 | Start position: 0 | Value (cm-1) -100.94173537113974 

RMSE 12 | 3.5956665190555795e-13 


Minima Fit:13 | Start position: 0 | Value (cm-1) 139.40782437165862 

RMSE 13 | 6.114362334859607e-13 


Minima Fit:14 | Start position: 0 | Value (cm-1) 203.99731286886697 

RMSE 14 | 5.237831282336017e-13 


Minima Fit:15 | Start position: 0 | Value (cm-1) 467.3338132158514 

RMSE 15 | 8.460266979762309e-13 


Minima Fit:16 | Start position: 0 | Value (cm-1) -159.70586188722933 

RMSE 16 | 3.5448972011037735e-13 


Minima Fit:17 | Start position: 0 | Value (cm-1) -366.05623003413416 

RMSE 17 | 4.4165596588746066e-13 


Minima Fit:18 | Start position: 0 | Value (cm-1) 31.920519309225455 

RMSE 18 | 3.5184739082803646e-13 

 Start position for fitting each radial term : 
start_pos = 
 [0. 0. 0. 0. 0. 0. 0. 0. 0. 0. 0. 0. 0. 0. 0. 0. 0. 0. 0.] 

 Mean RMS Error | 4.397454209589794e-13 


Saving analytically fitted V_lam data (FnFitted_Vlam.dat) at locations: 
  /Volumes/Crucial_X6/Cn/2D/Projects/qz_NN/MP_files/ 
 and 
 /Volumes/Crucial_X6/Cn/2D/Projects/qz_NN/MP_files/VlamFnFit/ 

The coefficients for custom functions are saved in Raw format in Proj_name folder. The same can be converted manually!

Saving V_lam raw coefficients at location: 
 /Volumes/Crucial_X6/Cn/2D/Projects/qz_NN/ 

Saving MOLSCAT &POTL (MOLSCAT_POT.txt) at location: 
 /Volumes/Crucial_X6/Cn/2D/Projects/qz_NN/ 

#-------------------------------------------------------------------#
#-----------------#    MOLSCAT &POTL Generated    #-----------------#
#-------------------------------------------------------------------#


#####################################################################
#####################    PES2MP Finished     ########################
#####################################################################
Run time: 0 hours, 0 minutes, 5.04 seconds
#####################################################################


#####################################################################
--- Date 2025-07-02 12:23:51 ---
#####################################################################
#####################    PES2MP Initiated    ########################
#####################################################################
 
 /data and /project folders created. 


 Create_PES_input = False : Checking input for external Plots! 
  
 No plots created. Create_PES_input / Run_psi4 and Plot_PES are False 

 NNGen = False : Skipping NN Model! 
 
 MPExp = False : Skipping Multipole Expansion! 
 
#-------------------------------------------------------------------#
#----------------#    Using Function Fit module    #----------------#
#-------------------------------------------------------------------#


 Fitting PES data into analytical function! 


The loaded PES: --> 
     0    1         2
0  2.5  0.0  372.1235
1  2.6  0.0  346.7328
2  2.7  0.0  312.8005
3  2.8  0.0  277.1985
4  2.9  0.0  249.0419
 2D Collision: Extracting end and start radial positions for each angular term: 

 TQDM LOOP (end and start radial positions extracted from PES!) :
 |||||||||||||||||||||||||||||||||||||||||||||||||||||||||||| 100% |

Start End Positions: 
Start Positions: 
 [   0  476  952 1428 1904 2380 2856 3332 3808 4284 4760 5236 5712 6188
 6664 7140 7616 8092 8568] 
End Positions: 
 [ 476  952 1428 1904 2380 2856 3332 3808 4284 4760 5236 5712 6188 6664
 7140 7616 8092 8568 9044] 
 

 TQDM LOOP (R/Theta coordinates Generated!) :
 |||||||||||||||||||||||||||||||||||||||||||||||||||||||||||| 100% |


 Fitting PES each angle at a time: 


Minima Fit:0 | Start position: 8 | Value (cm-1) 82.9128 


 Coefficients for Angular coordinate: 0.0 

 No High Energy fitting! 

 No Long Range fitting! 


 Using Custom Function for full range fitting!
 Potential at initial R value: 3612.648851723647
 Fitting Coefficients for full region fit : 
[ 1.97171848e+08 -9.29229767e+07  2.72872204e+07 -3.17310215e+06
  6.38663558e+04  2.41922648e+03 -8.26908698e+02 -3.20114807e-01]

Minima Fit:1 | Start position: 8 | Value (cm-1) 81.9901 


 Coefficients for Angular coordinate: 5.0 

 No High Energy fitting! 

 No Long Range fitting! 


 Using Custom Function for full range fitting!
 Potential at initial R value: 527.7552613468846
 Fitting Coefficients for full region fit : 
[-1.28486247e+09  8.58761358e+08 -2.15582693e+08  2.81931261e+07
 -2.08770295e+06  7.70757808e+04 -1.90014671e+03 -6.22174763e-03]

Minima Fit:2 | Start position: 8 | Value (cm-1) 79.5184 


 Coefficients for Angular coordinate: 10.0 

 No High Energy fitting! 

 No Long Range fitting! 


 Using Custom Function for full range fitting!
 Potential at initial R value: -1085.793160060274
 Fitting Coefficients for full region fit : 
[-2.06215293e+09  1.35780118e+09 -3.42194150e+08  4.42415601e+07
 -3.14355456e+06  1.10594454e+05 -2.27916198e+03  3.38833025e-02]

Minima Fit:3 | Start position: 7 | Value (cm-1) 123.6837 


 Coefficients for Angular coordinate: 15.0 

 No High Energy fitting! 

 No Long Range fitting! 


 Using Custom Function for full range fitting!
 Potential at initial R value: -3057.0619615519245
 Fitting Coefficients for full region fit : 
[-3.27728963e+09  2.18309948e+09 -5.64051819e+08  7.41016566e+07
 -5.24338022e+06  1.83185009e+05 -3.23268407e+03  1.50158690e-01]

Minima Fit:4 | Start position: 7 | Value (cm-1) 119.1722 


 Coefficients for Angular coordinate: 20.0 

 No High Energy fitting! 

 No Long Range fitting! 


 Using Custom Function for full range fitting!
 Potential at initial R value: -2082.0057102393266
 Fitting Coefficients for full region fit : 
[-2.73395498e+09  1.82841710e+09 -4.71977190e+08  6.19021947e+07
 -4.38068611e+06  1.52973112e+05 -2.81361674e+03  4.20377696e-02]

Minima Fit:5 | Start position: 7 | Value (cm-1) 113.4231 


 Coefficients for Angular coordinate: 25.0 

 No High Energy fitting! 

 No Long Range fitting! 


 Using Custom Function for full range fitting!
 Potential at initial R value: -853.8788102072714
 Fitting Coefficients for full region fit : 
[-2.01634768e+09  1.35881705e+09 -3.50489387e+08  4.59730156e+07
 -3.27065908e+06  1.14598046e+05 -2.28940658e+03 -2.85601020e-02]

Minima Fit:6 | Start position: 7 | Value (cm-1) 105.6177 


 Coefficients for Angular coordinate: 30.0 

 No High Energy fitting! 

 No Long Range fitting! 


 Using Custom Function for full range fitting!
 Potential at initial R value: 129.84013462907427
 Fitting Coefficients for full region fit : 
[-1.39261264e+09  9.49535669e+08 -2.44880240e+08  3.22015665e+07
 -2.31571097e+06  8.15915400e+04 -1.82997141e+03 -6.02654593e-02]

Minima Fit:7 | Start position: 7 | Value (cm-1) 95.7391 


 Coefficients for Angular coordinate: 35.0 

 No High Energy fitting! 

 No Long Range fitting! 


 Using Custom Function for full range fitting!
 Potential at initial R value: 647.9647738979774
 Fitting Coefficients for full region fit : 
[-1.02547615e+09  7.12672325e+08 -1.85594346e+08  2.47442532e+07
 -1.81685632e+06  6.49679502e+04 -1.59318119e+03 -7.67843515e-02]

Minima Fit:8 | Start position: 7 | Value (cm-1) 84.5689 


 Coefficients for Angular coordinate: 40.0 

 No High Energy fitting! 

 No Long Range fitting! 


 Using Custom Function for full range fitting!
 Potential at initial R value: 812.1676471700382
 Fitting Coefficients for full region fit : 
[-8.66048801e+08  6.16049876e+08 -1.64007136e+08  2.24120507e+07
 -1.68710230e+06  6.16039301e+04 -1.53647063e+03 -1.12302639e-01]

Minima Fit:9 | Start position: 6 | Value (cm-1) 123.2523 


 Coefficients for Angular coordinate: 45.0 

 No High Energy fitting! 

 No Long Range fitting! 


 Using Custom Function for full range fitting!
 Potential at initial R value: 132.26118427366714
 Fitting Coefficients for full region fit : 
[-1.35208364e+09  9.75252224e+08 -2.70272447e+08  3.81658040e+07
 -2.90549705e+06  1.08025600e+05 -2.19627793e+03 -2.70636731e-02]

Minima Fit:10 | Start position: 6 | Value (cm-1) 108.6269 


 Coefficients for Angular coordinate: 50.0 

 No High Energy fitting! 

 No Long Range fitting! 


 Using Custom Function for full range fitting!
 Potential at initial R value: 550.6921915122633
 Fitting Coefficients for full region fit : 
[-8.83281367e+08  6.44628951e+08 -1.78794617e+08  2.53855629e+07
 -1.95900965e+06  7.32696429e+04 -1.67684421e+03 -1.65048420e-01]

Minima Fit:11 | Start position: 6 | Value (cm-1) 94.5052 


 Coefficients for Angular coordinate: 55.0 

 No High Energy fitting! 

 No Long Range fitting! 


 Using Custom Function for full range fitting!
 Potential at initial R value: 794.5435938239117
 Fitting Coefficients for full region fit : 
[-5.32264928e+08  3.93502631e+08 -1.08529484e+08  1.54662310e+07
 -1.21706729e+06  4.58545196e+04 -1.26965167e+03 -2.36802123e-01]

Minima Fit:12 | Start position: 6 | Value (cm-1) 81.4918 


 Coefficients for Angular coordinate: 60.0 

 No High Energy fitting! 

 No Long Range fitting! 


 Using Custom Function for full range fitting!
 Potential at initial R value: 870.1487805643015
 Fitting Coefficients for full region fit : 
[-3.23681104e+08  2.42118054e+08 -6.58319616e+07  9.38939388e+06
 -7.58734854e+05  2.89052069e+04 -1.01828121e+03 -2.46127644e-01]

Minima Fit:13 | Start position: 5 | Value (cm-1) 113.8137 


 Coefficients for Angular coordinate: 65.0 

 No High Energy fitting! 

 No Long Range fitting! 


 Using Custom Function for full range fitting!
 Potential at initial R value: 82.2155637232041
 Fitting Coefficients for full region fit : 
[-1.08462089e+09  8.16474408e+08 -2.38607759e+08  3.55521393e+07
 -2.84112181e+06  1.11098653e+05 -2.27512477e+03  8.36206867e-02]

Minima Fit:14 | Start position: 5 | Value (cm-1) 102.5034 


 Coefficients for Angular coordinate: 70.0 

 No High Energy fitting! 

 No Long Range fitting! 


 Using Custom Function for full range fitting!
 Potential at initial R value: 298.1375706742558
 Fitting Coefficients for full region fit : 
[-7.39704599e+08  5.57754273e+08 -1.62071547e+08  2.41224036e+07
 -1.94114591e+06  7.62084735e+04 -1.73808124e+03 -6.30152345e-03]

Minima Fit:15 | Start position: 5 | Value (cm-1) 93.9512 


 Coefficients for Angular coordinate: 75.0 

 No High Energy fitting! 

 No Long Range fitting! 


 Using Custom Function for full range fitting!
 Potential at initial R value: 436.11801011309484
 Fitting Coefficients for full region fit : 
[-5.21094402e+08  3.95557180e+08 -1.14700325e+08  1.71394426e+07
 -1.39844108e+06  5.54685951e+04 -1.41964369e+03 -6.83047690e-02]

Minima Fit:16 | Start position: 5 | Value (cm-1) 88.0732 


 Coefficients for Angular coordinate: 80.0 

 No High Energy fitting! 

 No Long Range fitting! 


 Using Custom Function for full range fitting!
 Potential at initial R value: 535.1901758208413
 Fitting Coefficients for full region fit : 
[-3.78416606e+08  2.92162211e+08 -8.53811884e+07  1.29651061e+07
 -1.08636519e+06  4.40470111e+04 -1.25019906e+03 -1.12531323e-01]

Minima Fit:17 | Start position: 5 | Value (cm-1) 84.4643 


 Coefficients for Angular coordinate: 85.0 

 No High Energy fitting! 

 No Long Range fitting! 


 Using Custom Function for full range fitting!
 Potential at initial R value: 609.7249909691117
 Fitting Coefficients for full region fit : 
[-2.85601975e+08  2.27443891e+08 -6.80100960e+07  1.06742657e+07
 -9.31721561e+05  3.90970350e+04 -1.18638117e+03 -1.39593037e-01]

Minima Fit:18 | Start position: 5 | Value (cm-1) 82.6656 


 Coefficients for Angular coordinate: 90.0 

 No High Energy fitting! 

 No Long Range fitting! 


 Using Custom Function for full range fitting!
 Potential at initial R value: 658.8928410202319
 Fitting Coefficients for full region fit : 
[-2.37493687e+08  1.97190123e+08 -6.12585149e+07  1.00611035e+07
 -9.18477948e+05  4.00309256e+04 -1.21807904e+03 -1.41566880e-01]
 TQDM LOOP (Function Fitting Done!) :
 |||||||||||||||||||||||||||||||||||||||||||||||||||||||||||| 100% |



Saving fitted PES (Fnfit_PES.dat) and residuals (residuals_Fnfit_PES.dat) to: 
 /Volumes/Crucial_X6/Cn/2D/Projects/qz_NN/PESFnFit/ 


Plotting residuals for E fit (R) at location: 
 /Volumes/Crucial_X6/Cn/2D/Projects/qz_NN/PESFnFit/Plots/ 



Saving a copy of fitted PES (Fnfit_PES.dat) to: 
 /Volumes/Crucial_X6/Cn/2D/Projects/qz_NN/ 


#-------------------------------------------------------------------#
#-------#    2D PES Fitted into analytical expression!    #---------#
#-------------------------------------------------------------------#


#####################################################################
#####################    PES2MP Finished     ########################
#####################################################################
Run time: 0 hours, 0 minutes, 2.32 seconds
#####################################################################


#####################################################################
--- Date 2025-07-02 12:23:54 ---
#####################################################################
#####################    PES2MP Initiated    ########################
#####################################################################
 
 /data and /project folders created. 


 Create_PES_input = False : Checking input for external Plots! 
  
 No plots created. Create_PES_input / Run_psi4 and Plot_PES are False 

 NNGen = False : Skipping NN Model! 
 
#-------------------------------------------------------------------#
#----------------#    Using MP Expansion module    #----------------#
#-------------------------------------------------------------------#



The loaded PES: --> 
     0    1            2
0  2.5  0.0  3612.648852
1  2.6  0.0  2373.756964
2  2.7  0.0  1552.404713
3  2.8  0.0  1007.927978
4  2.9  0.0   647.341461
 Generating new legendre coefficient from scratch and saving 2D_L_coeff.npy in --> 
/Volumes/Crucial_X6/Cn/2D/Projects/qz_NN/MP_files/


 A preview of radial terms: 
      R           0           2  ...        32          34          36
0  2.5  274.229313 -978.059059  ... -4.279823  485.356776  843.215224
1  2.6  393.098299 -272.409350  ...  7.008158  264.860095  426.362987
2  2.7  373.888411   37.894087  ...  8.853273  140.387643  207.305306
3  2.8  303.538393  147.971880  ...  7.246550   71.678936   95.842594
4  2.9  224.038239  164.017032  ...  4.896839   34.798697   41.394354

[5 rows x 20 columns]

Saving final radial terms file 2D_Vlam.dat in above folder! 

 Radial terms plots are available in above folder/MP_plots. 

#-------------------------------------------------------------------#
#---------------#    2D Mutipole Expansion Done!    #---------------#
#-------------------------------------------------------------------#


 FnFit = False : Skipping Analytical Fitting of Radial Coefficients! 
 
#####################################################################
#####################    PES2MP Finished     ########################
#####################################################################
Run time: 0 hours, 0 minutes, 1.88 seconds
#####################################################################


#####################################################################
--- Date 2025-07-02 12:23:56 ---
#####################################################################
#####################    PES2MP Initiated    ########################
#####################################################################
 
 /data and /project folders created. 


 Create_PES_input = False : Checking input for external Plots! 
  
 No plots created. Create_PES_input / Run_psi4 and Plot_PES are False 

 NNGen = False : Skipping NN Model! 
 
 MPExp = False : Skipping Multipole Expansion! 
 
#-------------------------------------------------------------------#
#----------------#    Using Function Fit module    #----------------#
#-------------------------------------------------------------------#

Fitting Radial coefficients obtained after multipole expansion!


Minima Fit:0 | Start position: 0 | Value (cm-1) 274.2293131020473 

RMSE 0 | 2.4449397003907124e-13 


Minima Fit:1 | Start position: 0 | Value (cm-1) -978.0590590331412 

RMSE 1 | 6.14394316524863e-13 


Minima Fit:2 | Start position: 0 | Value (cm-1) -1137.1986728073794 

RMSE 2 | 2.2738117992427435e-13 


Minima Fit:3 | Start position: 0 | Value (cm-1) -598.6254607583675 

RMSE 3 | 4.983805891422745e-13 


Minima Fit:4 | Start position: 0 | Value (cm-1) 707.8337712174134 

RMSE 4 | 4.954609495725175e-13 


Minima Fit:5 | Start position: 0 | Value (cm-1) 811.8267099074081 

RMSE 5 | 2.187107199535861e-13 


Minima Fit:6 | Start position: 0 | Value (cm-1) 1611.6210103751966 

RMSE 6 | 9.884537441792993e-13 


Minima Fit:7 | Start position: 0 | Value (cm-1) 1149.1123019855988 

RMSE 7 | 5.686478338451964e-13 


Minima Fit:8 | Start position: 0 | Value (cm-1) -173.370230259191 

RMSE 8 | 1.2474647443046375e-12 


Minima Fit:9 | Start position: 0 | Value (cm-1) 393.7401659332166 

RMSE 9 | 9.81908386614383e-13 


Minima Fit:10 | Start position: 0 | Value (cm-1) 595.5222463986839 

RMSE 10 | 1.1061885523292581e-12 


Minima Fit:11 | Start position: 0 | Value (cm-1) -419.4305594927249 

RMSE 11 | 8.041469272198145e-13 


Minima Fit:12 | Start position: 0 | Value (cm-1) -225.07036285879 

RMSE 12 | 5.636018392396605e-13 


Minima Fit:13 | Start position: 0 | Value (cm-1) -97.5523971380896 

RMSE 13 | 4.864543706836965e-13 


Minima Fit:14 | Start position: 0 | Value (cm-1) -66.934980700894 

RMSE 14 | 1.4611386708440823e-12 


Minima Fit:15 | Start position: 0 | Value (cm-1) 440.7128794365052 

RMSE 15 | 9.60524754913422e-13 


Minima Fit:16 | Start position: 0 | Value (cm-1) -4.279823165626901 

RMSE 16 | 7.046329425400948e-13 


Minima Fit:17 | Start position: 0 | Value (cm-1) 485.3567760044496 

RMSE 17 | 6.542167394457401e-13 


Minima Fit:18 | Start position: 0 | Value (cm-1) 843.2152235773458 

RMSE 18 | 5.971335401905628e-13 

 Start position for fitting each radial term : 
start_pos = 
 [0. 0. 0. 0. 0. 0. 0. 0. 0. 0. 0. 0. 0. 0. 0. 0. 0. 0. 0.] 

 Mean RMS Error | 7.064913037634965e-13 


Saving analytically fitted V_lam data (FnFitted_Vlam.dat) at locations: 
  /Volumes/Crucial_X6/Cn/2D/Projects/qz_NN/MP_files/ 
 and 
 /Volumes/Crucial_X6/Cn/2D/Projects/qz_NN/MP_files/VlamFnFit/ 

The coefficients for custom functions are saved in Raw format in Proj_name folder. The same can be converted manually!

Saving V_lam raw coefficients at location: 
 /Volumes/Crucial_X6/Cn/2D/Projects/qz_NN/ 

Saving MOLSCAT &POTL (MOLSCAT_POT.txt) at location: 
 /Volumes/Crucial_X6/Cn/2D/Projects/qz_NN/ 

#-------------------------------------------------------------------#
#-----------------#    MOLSCAT &POTL Generated    #-----------------#
#-------------------------------------------------------------------#


#####################################################################
#####################    PES2MP Finished     ########################
#####################################################################
Run time: 0 hours, 0 minutes, 4.98 seconds
#####################################################################


