#####################################################################
--- Date 2025-05-25 18:19:54 ---
#####################################################################
#####################    PES2MP Initiated    ########################
#####################################################################
 
 /data and /project folders created. 


 Create_PES_input = False : Checking input for external Plots! 
  
 No plots created. Create_PES_input / Run_psi4 and Plot_PES are False 

 NNGen = False : Skipping NN Model! 
 
 MPExp = False : Skipping Multipole Expansion! 
 
#-------------------------------------------------------------------#
#----------------#    Using Function Fit module    #----------------#
#-------------------------------------------------------------------#


 Fitting PES data into analytical function! 
#####################################################################
--- Date 2025-05-25 18:20:09 ---
#####################################################################
#####################    PES2MP Initiated    ########################
#####################################################################
 
 /data and /project folders created. 


 Create_PES_input = False : Checking input for external Plots! 
  
 No plots created. Create_PES_input / Run_psi4 and Plot_PES are False 

 NNGen = False : Skipping NN Model! 
 
 MPExp = False : Skipping Multipole Expansion! 
 
#-------------------------------------------------------------------#
#----------------#    Using Function Fit module    #----------------#
#-------------------------------------------------------------------#


 Fitting PES data into analytical function! 


The loaded PES: --> 
     0    1     2      3             4
1  2.5  0.0   0.0    0.0  2.276124e+06
2  2.5  0.0   0.0   90.0  1.763852e+03
3  2.5  0.0   0.0  180.0  2.276124e+06
4  2.5  0.0  30.0    0.0  8.225087e+05
5  2.5  0.0  30.0   90.0  1.523465e+03
 4D Collision: Extracting end and start radial positions for each angular term : 

 TQDM LOOP (end and start radial positions extracted!) :
 |||||||||||||||||||||||||||||||||||||||||||||||||||||||||||| 100% |

Start End Positions: 
Start Positions: 
 [   0   60  120  180  240  301  362  423  484  542  600  657  714  770
  826  882  937  990 1044 1098 1152 1206 1260 1314 1368 1422 1476 1530
 1584 1638 1692 1746 1800 1866 1932 1998 2064 2129 2194 2260 2326 2392
 2458 2524 2590 2656 2722 2788 2854 2929 3004 3079 3154 3229 3304 3379
 3454 3529 3604 3679 3754 3829 3904 3979 4054 4120 4186 4252 4318 4384
 4450 4515 4581 4648 4714 4780 4846 4912 4978 5044 5110 5164 5218 5272
 5326 5381 5436 5490 5544 5599 5653 5707 5761 5815 5869 5923 5977 6037
 6097 6157 6217 6278 6339 6400 6461 6519 6577 6635 6693 6749 6805 6861] 
End Positions: 
 [  60  120  180  240  301  362  423  484  542  600  657  714  770  826
  882  937  990 1044 1098 1152 1206 1260 1314 1368 1422 1476 1530 1584
 1638 1692 1746 1800 1866 1932 1998 2064 2129 2194 2260 2326 2392 2458
 2524 2590 2656 2722 2788 2854 2929 3004 3079 3154 3229 3304 3379 3454
 3529 3604 3679 3754 3829 3904 3979 4054 4120 4186 4252 4318 4384 4450
 4515 4581 4648 4714 4780 4846 4912 4978 5044 5110 5164 5218 5272 5326
 5381 5436 5490 5544 5599 5653 5707 5761 5815 5869 5923 5977 6037 6097
 6157 6217 6278 6339 6400 6461 6519 6577 6635 6693 6749 6805 6861 6916] 

 TQDM LOOP (R/Phi/Theta2/Theta1 coordinates generated!) :
 |||||||||||||||||||||||||||||||||||||||||||||||||||||||||||| 100% |


 Fitting PES each angle at a time: 


Minima Fit:0 | Start position: 10 | Value (cm-1) 86.582407 


 Coefficients for Angular coordinate: [0. 0. 0.] 

 No High Energy fitting! 

 No Long Range fitting! 


 Using Custom Function for full range fitting!
 Potential at initial R value: 15288916.9648625
 Fitting Coefficients for full region fit : 
[ 1.33887193e+12 -4.74158076e+11  6.83958464e+10 -4.82722666e+09
  1.79528078e+08 -3.41122482e+06  7.36586658e+03 -3.67145679e+01]

Minima Fit:1 | Start position: 10 | Value (cm-1) 86.582407 


 Coefficients for Angular coordinate: [30.  0.  0.] 

 No High Energy fitting! 

 No Long Range fitting! 


 Using Custom Function for full range fitting!
 Potential at initial R value: 15288926.630588694
 Fitting Coefficients for full region fit : 
[ 1.33887261e+12 -4.74158278e+11  6.83958701e+10 -4.82722806e+09
  1.79528121e+08 -3.41122542e+06  7.36586907e+03 -3.67145679e+01]

Minima Fit:2 | Start position: 10 | Value (cm-1) 86.582407 


 Coefficients for Angular coordinate: [60.  0.  0.] 

 No High Energy fitting! 

 No Long Range fitting! 


 Using Custom Function for full range fitting!
 Potential at initial R value: 15288911.34167509
 Fitting Coefficients for full region fit : 
[ 1.33887144e+12 -4.74157909e+11  6.83958234e+10 -4.82722507e+09
  1.79528019e+08 -3.41122373e+06  7.36585834e+03 -3.67145672e+01]

Minima Fit:3 | Start position: 10 | Value (cm-1) 86.582407 


 Coefficients for Angular coordinate: [90.  0.  0.] 

 No High Energy fitting! 

 No Long Range fitting! 


 Using Custom Function for full range fitting!
 Potential at initial R value: 15288909.38483263
 Fitting Coefficients for full region fit : 
[ 1.33887128e+12 -4.74157857e+11  6.83958167e+10 -4.82722463e+09
  1.79528004e+08 -3.41122349e+06  7.36585732e+03 -3.67145679e+01]

Minima Fit:4 | Start position: 11 | Value (cm-1) 106.603604 


 Coefficients for Angular coordinate: [ 0. 30.  0.] 

 No High Energy fitting! 

 No Long Range fitting! 


 Using Custom Function for full range fitting!
 Potential at initial R value: 16837865.406687338
 Fitting Coefficients for full region fit : 
[ 1.39471652e+12 -4.80363637e+11  6.85090801e+10 -4.89092856e+09
  1.89570808e+08 -3.88951419e+06  1.80275031e+04 -3.57853631e+01]

Minima Fit:5 | Start position: 11 | Value (cm-1) 106.603604 


 Coefficients for Angular coordinate: [30. 30.  0.] 

 No High Energy fitting! 

 No Long Range fitting! 


 Using Custom Function for full range fitting!
 Potential at initial R value: 16837863.625429824
 Fitting Coefficients for full region fit : 
[ 1.39471626e+12 -4.80363524e+11  6.85090616e+10 -4.89092708e+09
  1.89570746e+08 -3.88951295e+06  1.80274933e+04 -3.57853622e+01]

Minima Fit:6 | Start position: 11 | Value (cm-1) 106.603604 


 Coefficients for Angular coordinate: [60. 30.  0.] 

 No High Energy fitting! 

 No Long Range fitting! 


 Using Custom Function for full range fitting!
 Potential at initial R value: 16837856.94602003
 Fitting Coefficients for full region fit : 
[ 1.39471588e+12 -4.80363432e+11  6.85090542e+10 -4.89092689e+09
  1.89570751e+08 -3.88951330e+06  1.80274985e+04 -3.57853638e+01]

Minima Fit:7 | Start position: 11 | Value (cm-1) 106.603604 


 Coefficients for Angular coordinate: [90. 30.  0.] 

 No High Energy fitting! 

 No Long Range fitting! 


 Using Custom Function for full range fitting!
 Potential at initial R value: 16837862.332936507
 Fitting Coefficients for full region fit : 
[ 1.39471633e+12 -4.80363585e+11  6.85090748e+10 -4.89092829e+09
  1.89570801e+08 -3.88951412e+06  1.80275032e+04 -3.57853640e+01]

Minima Fit:8 | Start position: 9 | Value (cm-1) 84.504302 


 Coefficients for Angular coordinate: [ 0. 60.  0.] 

 No High Energy fitting! 

 No Long Range fitting! 


 Using Custom Function for full range fitting!
 Potential at initial R value: 8915486.837597571
 Fitting Coefficients for full region fit : 
[ 8.63445008e+11 -3.33106379e+11  5.35498713e+10 -4.29622389e+09
  1.89697711e+08 -4.47845197e+06  3.48293592e+04 -3.34112565e+01]

Minima Fit:9 | Start position: 9 | Value (cm-1) 84.504302 


 Coefficients for Angular coordinate: [30. 60.  0.] 

 No High Energy fitting! 

 No Long Range fitting! 


 Using Custom Function for full range fitting!
 Potential at initial R value: 8915552.471816152
 Fitting Coefficients for full region fit : 
[ 8.63449704e+11 -3.33107794e+11  5.35500430e+10 -4.29623461e+09
  1.89698073e+08 -4.47845827e+06  3.48294047e+04 -3.34112610e+01]

Minima Fit:10 | Start position: 8 | Value (cm-1) 84.504302 


 Coefficients for Angular coordinate: [60. 60.  0.] 

 No High Energy fitting! 

 No Long Range fitting! 


 Using Custom Function for full range fitting!
 Potential at initial R value: 8915497.133657156
 Fitting Coefficients for full region fit : 
[ 8.63445817e+11 -3.33106642e+11  5.35499062e+10 -4.29622633e+09
  1.89697805e+08 -4.47845394e+06  3.48293779e+04 -3.34112607e+01]

Minima Fit:11 | Start position: 8 | Value (cm-1) 84.504302 


 Coefficients for Angular coordinate: [90. 60.  0.] 

 No High Energy fitting! 

 No Long Range fitting! 


 Using Custom Function for full range fitting!
 Potential at initial R value: 8915489.359041665
 Fitting Coefficients for full region fit : 
[ 8.63445214e+11 -3.33106449e+11  5.35498815e+10 -4.29622470e+09
  1.89697748e+08 -4.47845288e+06  3.48293691e+04 -3.34112592e+01]

Minima Fit:12 | Start position: 7 | Value (cm-1) 100.288847 


 Coefficients for Angular coordinate: [ 0. 90.  0.] 

 No High Energy fitting! 

 No Long Range fitting! 


 Using Custom Function for full range fitting!
 Potential at initial R value: 31224564.95748421
 Fitting Coefficients for full region fit : 
[ 2.48719525e+12 -8.24158205e+11  1.12466121e+11 -7.88673047e+09
  3.07787635e+08 -6.51324675e+06  5.28002491e+04 -3.26497554e+01]

Minima Fit:13 | Start position: 7 | Value (cm-1) 100.288847 


 Coefficients for Angular coordinate: [30. 90.  0.] 

 No High Energy fitting! 

 No Long Range fitting! 


 Using Custom Function for full range fitting!
 Potential at initial R value: 31224568.478161324
 Fitting Coefficients for full region fit : 
[ 2.48719555e+12 -8.24158312e+11  1.12466137e+11 -7.88673171e+09
  3.07787689e+08 -6.51324799e+06  5.28002615e+04 -3.26497581e+01]

Minima Fit:14 | Start position: 7 | Value (cm-1) 100.288847 


 Coefficients for Angular coordinate: [60. 90.  0.] 

 No High Energy fitting! 

 No Long Range fitting! 


 Using Custom Function for full range fitting!
 Potential at initial R value: 31225005.07944804
 Fitting Coefficients for full region fit : 
[ 2.48722852e+12 -8.24168678e+11  1.12467460e+11 -7.88681933e+09
  3.07790874e+08 -6.51330901e+06  5.28007689e+04 -3.26498382e+01]

Minima Fit:15 | Start position: 6 | Value (cm-1) 100.288847 


 Coefficients for Angular coordinate: [90. 90.  0.] 

 No High Energy fitting! 

 No Long Range fitting! 


 Using Custom Function for full range fitting!
 Potential at initial R value: 31287575.87570896
 Fitting Coefficients for full region fit : 
[ 2.49195797e+12 -8.25657379e+11  1.12657730e+11 -7.89944769e+09
  3.08251064e+08 -6.52215346e+06  5.28745946e+04 -3.26615851e+01]

Minima Fit:16 | Start position: 0 | Value (cm-1) 110.140942 


 Coefficients for Angular coordinate: [ 0.  0. 30.] 

 No High Energy fitting! 

 No Long Range fitting! 


 Using Custom Function for full range fitting!
 Potential at initial R value: -23337132.041330896
 Fitting Coefficients for full region fit : 
[-2.59317224e+12  1.01605078e+12 -1.58264990e+11  1.25716182e+10
 -5.37026006e+08  1.19992214e+07 -1.32027690e+05  1.43021186e+01]

Minima Fit:17 | Start position: 0 | Value (cm-1) 110.140942 


 Coefficients for Angular coordinate: [30.  0. 30.] 

 No High Energy fitting! 

 No Long Range fitting! 


 Using Custom Function for full range fitting!
 Potential at initial R value: 1551049.840485045
 Fitting Coefficients for full region fit : 
[-1.58134981e+11  1.17083153e+11 -2.48246788e+10  2.39407312e+09
 -1.15483012e+08  2.87490886e+06 -4.60235726e+04 -1.04668539e+01]

Minima Fit:18 | Start position: 0 | Value (cm-1) 110.140942 


 Coefficients for Angular coordinate: [60.  0. 30.] 

 No High Energy fitting! 

 No Long Range fitting! 


 Using Custom Function for full range fitting!
 Potential at initial R value: 6327697.3586299475
 Fitting Coefficients for full region fit : 
[ 3.55735366e+11 -8.43942557e+10  7.29849700e+09 -2.74137088e+08
  7.02594189e+06 -1.35977059e+05 -1.26807453e+04 -2.44890446e+01]

Minima Fit:19 | Start position: 0 | Value (cm-1) 110.140942 


 Coefficients for Angular coordinate: [90.  0. 30.] 

 No High Energy fitting! 

 No Long Range fitting! 


 Using Custom Function for full range fitting!
 Potential at initial R value: 9395203.805162152
 Fitting Coefficients for full region fit : 
[ 6.92564258e+11 -2.18359118e+11  2.90711660e+10 -2.12872995e+09
  9.49788496e+07 -2.38660098e+06  1.34669007e+04 -3.63620482e+01]

Minima Fit:20 | Start position: 0 | Value (cm-1) 110.140942 


 Coefficients for Angular coordinate: [ 0. 30. 30.] 

 No High Energy fitting! 

 No Long Range fitting! 


 Using Custom Function for full range fitting!
 Potential at initial R value: -17582410.204109292
 Fitting Coefficients for full region fit : 
[-1.82181545e+12  6.87962413e+11 -1.03323541e+11  7.93347394e+09
 -3.29782241e+08  7.35776574e+06 -8.66770150e+04  1.27088913e+01]

Minima Fit:21 | Start position: 0 | Value (cm-1) 110.140942 


 Coefficients for Angular coordinate: [30. 30. 30.] 

 No High Energy fitting! 

 No Long Range fitting! 


 Using Custom Function for full range fitting!
 Potential at initial R value: -8457142.157625897
 Fitting Coefficients for full region fit : 
[-9.48395393e+11  3.67979890e+11 -5.57359487e+10  4.23403833e+09
 -1.68574092e+08  3.47805192e+06 -4.28975019e+04 -8.41919317e+00]

Minima Fit:22 | Start position: 0 | Value (cm-1) 110.140942 


 Coefficients for Angular coordinate: [60. 30. 30.] 

 No High Energy fitting! 

 No Long Range fitting! 


 Using Custom Function for full range fitting!
 Potential at initial R value: 9949272.454937574
 Fitting Coefficients for full region fit : 
[ 7.52837022e+11 -2.37696213e+11  3.05297686e+10 -2.03991310e+09
  7.81437197e+07 -1.62457019e+06  3.58931272e+03 -2.36773595e+01]

Minima Fit:23 | Start position: 0 | Value (cm-1) 110.140942 


 Coefficients for Angular coordinate: [90. 30. 30.] 

 No High Energy fitting! 

 No Long Range fitting! 


 Using Custom Function for full range fitting!
 Potential at initial R value: 30138412.34969351
 Fitting Coefficients for full region fit : 
[ 2.64045130e+12 -9.15379445e+11  1.28037022e+11 -9.20225816e+09
  3.61208556e+08 -7.42538397e+06  5.43027019e+04 -3.79679548e+01]

Minima Fit:24 | Start position: 0 | Value (cm-1) 110.140942 


 Coefficients for Angular coordinate: [ 0. 60. 30.] 

 No High Energy fitting! 

 No Long Range fitting! 


 Using Custom Function for full range fitting!
 Potential at initial R value: 18167271.243762948
 Fitting Coefficients for full region fit : 
[ 1.49074519e+12 -4.89159288e+11  6.28552382e+10 -3.88251778e+09
  1.11923907e+08 -9.05584439e+05 -2.07194336e+04  1.07529687e+01]

Minima Fit:25 | Start position: 0 | Value (cm-1) 110.140942 


 Coefficients for Angular coordinate: [30. 60. 30.] 

 No High Energy fitting! 

 No Long Range fitting! 


 Using Custom Function for full range fitting!
 Potential at initial R value: 26020165.431669943
 Fitting Coefficients for full region fit : 
[ 2.28492406e+12 -7.90188926e+11  1.09334852e+11 -7.64454224e+09
  2.82561122e+08 -5.14276739e+06  2.76466172e+04 -1.09898317e+01]

Minima Fit:26 | Start position: 0 | Value (cm-1) 110.140942 


 Coefficients for Angular coordinate: [60. 60. 30.] 

 No High Energy fitting! 

 No Long Range fitting! 


 Using Custom Function for full range fitting!
 Potential at initial R value: 33792329.50280288
 Fitting Coefficients for full region fit : 
[ 2.98587493e+12 -1.03745516e+12  1.44650557e+11 -1.02821239e+10
  3.93906210e+08 -7.79316580e+06  5.74583829e+04 -2.50677389e+01]

Minima Fit:27 | Start position: 0 | Value (cm-1) 110.140942 


 Coefficients for Angular coordinate: [90. 60. 30.] 

 No High Energy fitting! 

 No Long Range fitting! 


 Using Custom Function for full range fitting!
 Potential at initial R value: 48399582.84246451
 Fitting Coefficients for full region fit : 
[ 4.30804766e+12 -1.50394449e+12  2.10920916e+11 -1.51358014e+10
  5.88818464e+08 -1.19893119e+07  9.77697848e+04 -3.91325022e+01]

Minima Fit:28 | Start position: 0 | Value (cm-1) 110.140942 


 Coefficients for Angular coordinate: [ 0. 90. 30.] 

 No High Energy fitting! 

 No Long Range fitting! 


 Using Custom Function for full range fitting!
 Potential at initial R value: 57497420.66915953
 Fitting Coefficients for full region fit : 
[ 4.86229732e+12 -1.62824129e+12  2.15083000e+11 -1.40940154e+10
  4.72186586e+08 -7.32048372e+06  2.59430536e+04  7.34652367e+00]

Minima Fit:29 | Start position: 0 | Value (cm-1) 110.140942 


 Coefficients for Angular coordinate: [30. 90. 30.] 

 No High Energy fitting! 

 No Long Range fitting! 


 Using Custom Function for full range fitting!
 Potential at initial R value: 59829228.06332293
 Fitting Coefficients for full region fit : 
[ 5.18652266e+12 -1.77124422e+12  2.40537473e+11 -1.64479183e+10
  5.92867352e+08 -1.06596100e+07  6.81583339e+04 -1.36343844e+01]

Minima Fit:30 | Start position: 0 | Value (cm-1) 110.140942 


 Coefficients for Angular coordinate: [60. 90. 30.] 

 No High Energy fitting! 

 No Long Range fitting! 


 Using Custom Function for full range fitting!
 Potential at initial R value: 55569812.49535047
 Fitting Coefficients for full region fit : 
[ 4.86141121e+12 -1.67241301e+12  2.29534130e+11 -1.59616964e+10
  5.93062946e+08 -1.13337776e+07  8.50822491e+04 -2.61575578e+01]

Minima Fit:31 | Start position: 0 | Value (cm-1) 110.140942 


 Coefficients for Angular coordinate: [90. 90. 30.] 

 No High Energy fitting! 

 No Long Range fitting! 


 Using Custom Function for full range fitting!
 Potential at initial R value: 53232604.26761013
 Fitting Coefficients for full region fit : 
[ 4.69820850e+12 -1.62804505e+12  2.25844610e+11 -1.59674149e+10
  6.09819338e+08 -1.22272669e+07  1.01521236e+05 -3.69946203e+01]

Minima Fit:32 | Start position: 2 | Value (cm-1) 78.766087 


 Coefficients for Angular coordinate: [ 0.  0. 60.] 

 No High Energy fitting! 

 No Long Range fitting! 


 Using Custom Function for full range fitting!
 Potential at initial R value: -289538.44369053096
 Fitting Coefficients for full region fit : 
[-1.26456940e+11  8.00219349e+10 -2.02548943e+10  2.62031075e+09
 -1.82868186e+08  6.67048889e+06 -1.12843220e+05  5.87685816e+01]

Minima Fit:33 | Start position: 2 | Value (cm-1) 69.97446 


 Coefficients for Angular coordinate: [30.  0. 60.] 

 No High Energy fitting! 

 No Long Range fitting! 


 Using Custom Function for full range fitting!
 Potential at initial R value: -153121.07452154672
 Fitting Coefficients for full region fit : 
[-5.90805315e+10  3.49143708e+10 -7.95151506e+09  8.67822660e+08
 -4.44705118e+07  8.00351214e+05 -3.62434280e+02 -5.35199163e+01]

Minima Fit:34 | Start position: 2 | Value (cm-1) 74.010608 


 Coefficients for Angular coordinate: [60.  0. 60.] 

 No High Energy fitting! 

 No Long Range fitting! 


 Using Custom Function for full range fitting!
 Potential at initial R value: -212312.17051750678
 Fitting Coefficients for full region fit : 
[-8.86486905e+10  5.47588222e+10 -1.33770613e+10  1.64236883e+09
 -1.05765337e+08  3.40503680e+06 -5.03492843e+04 -3.61857369e+00]

Minima Fit:35 | Start position: 2 | Value (cm-1) 72.25529 


 Coefficients for Angular coordinate: [90.  0. 60.] 

 No High Energy fitting! 

 No Long Range fitting! 


 Using Custom Function for full range fitting!
 Potential at initial R value: -188566.83852375622
 Fitting Coefficients for full region fit : 
[-7.63915426e+10  4.64691014e+10 -1.10931978e+10  1.31389499e+09
 -7.95900463e+07  2.28588582e+06 -2.87671209e+04 -2.51421431e+01]

Minima Fit:36 | Start position: 0 | Value (cm-1) 99.618112 


 Coefficients for Angular coordinate: [ 0. 30. 60.] 

 No High Energy fitting! 

 No Long Range fitting! 


 Using Custom Function for full range fitting!
 Potential at initial R value: -42582.8556591588
 Fitting Coefficients for full region fit : 
[-2.47181319e+10  1.66016535e+10 -4.53928783e+09  6.58891003e+08
 -5.44071657e+07  2.50253164e+06 -5.77786838e+04  4.99940068e+01]

Minima Fit:37 | Start position: 0 | Value (cm-1) 91.117293 


 Coefficients for Angular coordinate: [30. 30. 60.] 

 No High Energy fitting! 

 No Long Range fitting! 


 Using Custom Function for full range fitting!
 Potential at initial R value: 16081.032395350714
 Fitting Coefficients for full region fit : 
[ 1.32844151e+10 -1.05147576e+10  3.36832205e+09 -5.49796412e+08
  4.84319239e+07 -2.21182998e+06  3.97623869e+04 -5.92920849e+01]

Minima Fit:38 | Start position: 1 | Value (cm-1) 96.891906 


 Coefficients for Angular coordinate: [60. 30. 60.] 

 No High Energy fitting! 

 No Long Range fitting! 


 Using Custom Function for full range fitting!
 Potential at initial R value: -36973.05673070836
 Fitting Coefficients for full region fit : 
[-1.81917507e+10  1.12103745e+10 -2.69463952e+09  3.24634714e+08
 -2.05107602e+07  6.60678875e+05 -1.38968582e+04 -9.25419836e+00]

Minima Fit:39 | Start position: 1 | Value (cm-1) 101.011962 


 Coefficients for Angular coordinate: [90. 30. 60.] 

 No High Energy fitting! 

 No Long Range fitting! 


 Using Custom Function for full range fitting!
 Potential at initial R value: -42800.344274911884
 Fitting Coefficients for full region fit : 
[-2.08325015e+10  1.27120611e+10 -2.98016749e+09  3.37258991e+08
 -1.81646661e+07  3.65116992e+05 -4.04477244e+03 -2.86948201e+01]

Minima Fit:40 | Start position: 0 | Value (cm-1) 110.171314 


 Coefficients for Angular coordinate: [ 0. 60. 60.] 

 No High Energy fitting! 

 No Long Range fitting! 


 Using Custom Function for full range fitting!
 Potential at initial R value: -33609.90572239985
 Fitting Coefficients for full region fit : 
[-2.74680984e+10  1.98619424e+10 -5.83256605e+09  8.95146686e+08
 -7.55672864e+07  3.34789144e+06 -6.88066171e+04  5.46115544e+01]

Minima Fit:41 | Start position: 0 | Value (cm-1) 101.999964 


 Coefficients for Angular coordinate: [30. 60. 60.] 

 No High Energy fitting! 

 No Long Range fitting! 


 Using Custom Function for full range fitting!
 Potential at initial R value: 10840.429981880798
 Fitting Coefficients for full region fit : 
[ 5.36221501e+09 -4.10652416e+09  1.30486489e+09 -2.16383203e+08
  2.05636724e+07 -1.12511915e+06  2.52754931e+04 -5.34645468e+01]

Minima Fit:42 | Start position: 0 | Value (cm-1) 100.555819 


 Coefficients for Angular coordinate: [60. 60. 60.] 

 No High Energy fitting! 

 No Long Range fitting! 


 Using Custom Function for full range fitting!
 Potential at initial R value: -10130.870557858061
 Fitting Coefficients for full region fit : 
[-1.07073170e+10  7.62236981e+09 -2.16845964e+09  3.17807256e+08
 -2.46849362e+07  9.20541635e+05 -1.65817468e+04 -5.95116929e+00]

Minima Fit:43 | Start position: 0 | Value (cm-1) 102.237719 


 Coefficients for Angular coordinate: [90. 60. 60.] 

 No High Energy fitting! 

 No Long Range fitting! 


 Using Custom Function for full range fitting!
 Potential at initial R value: -7457.254004595691
 Fitting Coefficients for full region fit : 
[-7.35621733e+09  4.90975088e+09 -1.27153388e+09  1.62759249e+08
 -9.83702986e+06  1.64331818e+05  1.00429324e+02 -2.71339268e+01]

Minima Fit:44 | Start position: 0 | Value (cm-1) 107.221464 


 Coefficients for Angular coordinate: [ 0. 90. 60.] 

 No High Energy fitting! 

 No Long Range fitting! 


 Using Custom Function for full range fitting!
 Potential at initial R value: -33006.19123431669
 Fitting Coefficients for full region fit : 
[-3.03132250e+10  2.22725576e+10 -6.62184340e+09  1.02266783e+09
 -8.60883774e+07  3.75418493e+06 -7.51283714e+04  5.55973493e+01]

Minima Fit:45 | Start position: 0 | Value (cm-1) 89.243857 


 Coefficients for Angular coordinate: [30. 90. 60.] 

 No High Energy fitting! 

 No Long Range fitting! 


 Using Custom Function for full range fitting!
 Potential at initial R value: 2953.5926387260647
 Fitting Coefficients for full region fit : 
[-1.08059901e+09  5.50934014e+08 -3.71063339e+07 -2.17124359e+07
  5.93065690e+06 -6.06877927e+05  1.81808737e+04 -5.21902597e+01]

Minima Fit:46 | Start position: 0 | Value (cm-1) 75.375115 


 Coefficients for Angular coordinate: [60. 90. 60.] 

 No High Energy fitting! 

 No Long Range fitting! 


 Using Custom Function for full range fitting!
 Potential at initial R value: -19998.145281512352
 Fitting Coefficients for full region fit : 
[-1.82223256e+10  1.30430118e+10 -3.73207097e+09  5.45471202e+08
 -4.19191651e+07  1.53397973e+06 -2.43668738e+04 -3.73518898e+00]

Minima Fit:47 | Start position: 0 | Value (cm-1) 65.365736 


 Coefficients for Angular coordinate: [90. 90. 60.] 

 No High Energy fitting! 

 No Long Range fitting! 


 Using Custom Function for full range fitting!
 Potential at initial R value: -15351.23395457195
 Fitting Coefficients for full region fit : 
[-1.45026028e+10  1.02767903e+10 -2.88590108e+09  4.08089396e+08
 -2.92683843e+07  8.88680357e+05 -8.96198505e+03 -2.35218086e+01]

Minima Fit:48 | Start position: 5 | Value (cm-1) 146.730847 


 Coefficients for Angular coordinate: [ 0.  0. 90.] 

 No High Energy fitting! 

 No Long Range fitting! 


 Using Custom Function for full range fitting!
 Potential at initial R value: 1878.5655190517298
 Fitting Coefficients for full region fit : 
[ 1.39196979e+08 -1.43342660e+08  6.36977529e+07 -1.11856900e+07
  8.62174159e+05 -4.54124367e+04 -1.08404320e+03 -2.60029510e+01]

Minima Fit:49 | Start position: 6 | Value (cm-1) 56.466464 


 Coefficients for Angular coordinate: [30.  0. 90.] 

 No High Energy fitting! 

 No Long Range fitting! 


 Using Custom Function for full range fitting!
 Potential at initial R value: -1187.4490932546896
 Fitting Coefficients for full region fit : 
[-6.49882720e+09  5.58314830e+09 -1.94848043e+09  3.57892494e+08
 -3.66448009e+07  1.99937747e+06 -5.13457574e+04  4.84566043e+01]

Minima Fit:50 | Start position: 5 | Value (cm-1) 143.716163 


 Coefficients for Angular coordinate: [60.  0. 90.] 

 No High Energy fitting! 

 No Long Range fitting! 


 Using Custom Function for full range fitting!
 Potential at initial R value: 2520.2842890815537
 Fitting Coefficients for full region fit : 
[ 2.17501115e+09 -1.97884956e+09  7.37607369e+08 -1.40320000e+08
  1.45710320e+07 -8.26402911e+05  1.90075836e+04 -5.88143511e+01]

Minima Fit:51 | Start position: 5 | Value (cm-1) 146.730882 


 Coefficients for Angular coordinate: [90.  0. 90.] 

 No High Energy fitting! 

 No Long Range fitting! 


 Using Custom Function for full range fitting!
 Potential at initial R value: 1878.549120567312
 Fitting Coefficients for full region fit : 
[ 1.39164493e+08 -1.43316532e+08  6.36896365e+07 -1.11845159e+07
  8.62106134e+05 -4.54129491e+04 -1.08390807e+03 -2.60029298e+01]

Minima Fit:52 | Start position: 5 | Value (cm-1) 84.181764 


 Coefficients for Angular coordinate: [ 0. 30. 90.] 

 No High Energy fitting! 

 No Long Range fitting! 


 Using Custom Function for full range fitting!
 Potential at initial R value: 1659.7036835578522
 Fitting Coefficients for full region fit : 
[ 1.74868257e+08 -1.70189343e+08  7.29309983e+07 -1.35276629e+07
  1.23634028e+06 -7.87015336e+04  3.59693580e+01 -2.60524900e+01]

Minima Fit:53 | Start position: 5 | Value (cm-1) 98.019558 


 Coefficients for Angular coordinate: [30. 30. 90.] 

 No High Energy fitting! 

 No Long Range fitting! 


 Using Custom Function for full range fitting!
 Potential at initial R value: 168.6412619898218
 Fitting Coefficients for full region fit : 
[-4.59516512e+09  4.12900037e+09 -1.50465558e+09  2.88476241e+08
 -3.07655042e+07  1.73860158e+06 -4.63794503e+04  4.72889539e+01]

Minima Fit:54 | Start position: 5 | Value (cm-1) 103.023723 


 Coefficients for Angular coordinate: [60. 30. 90.] 

 No High Energy fitting! 

 No Long Range fitting! 


 Using Custom Function for full range fitting!
 Potential at initial R value: 2367.9976806401096
 Fitting Coefficients for full region fit : 
[ 2.27041720e+09 -2.05639292e+09  7.64153811e+08 -1.45789030e+08
  1.52835289e+07 -8.80725723e+05  2.09112937e+04 -5.92844750e+01]

Minima Fit:55 | Start position: 5 | Value (cm-1) 113.158161 


 Coefficients for Angular coordinate: [90. 30. 90.] 

 No High Energy fitting! 

 No Long Range fitting! 


 Using Custom Function for full range fitting!
 Potential at initial R value: 1698.49605034413
 Fitting Coefficients for full region fit : 
[ 1.32349943e+08 -1.30065830e+08  5.71506131e+07 -1.03378622e+07
  9.12009619e+05 -6.28916493e+04 -3.18176971e+01 -2.55737422e+01]

Minima Fit:56 | Start position: 4 | Value (cm-1) 65.55186 


 Coefficients for Angular coordinate: [ 0. 60. 90.] 

 No High Energy fitting! 

 No Long Range fitting! 


 Using Custom Function for full range fitting!
 Potential at initial R value: 1174.0307568414385
 Fitting Coefficients for full region fit : 
[ 1.68484573e+08 -1.70198065e+08  7.61242345e+07 -1.57868206e+07
  1.75706531e+06 -1.32459609e+05  1.93832750e+03 -2.58953693e+01]

Minima Fit:57 | Start position: 4 | Value (cm-1) 95.42689 


 Coefficients for Angular coordinate: [30. 60. 90.] 

 No High Energy fitting! 

 No Long Range fitting! 


 Using Custom Function for full range fitting!
 Potential at initial R value: 594.9285342314905
 Fitting Coefficients for full region fit : 
[-3.03810804e+09  2.86315284e+09 -1.09204881e+09  2.18863793e+08
 -2.43208290e+07  1.42042595e+06 -3.95454392e+04  4.57872353e+01]

Minima Fit:58 | Start position: 4 | Value (cm-1) 132.404528 


 Coefficients for Angular coordinate: [60. 60. 90.] 

 No High Energy fitting! 

 No Long Range fitting! 


 Using Custom Function for full range fitting!
 Potential at initial R value: 1612.4212727590498
 Fitting Coefficients for full region fit : 
[ 1.72731955e+09 -1.63862448e+09  6.38999334e+08 -1.28408894e+08
  1.42749012e+07 -8.79202558e+05  2.24963668e+04 -5.85326195e+01]

Minima Fit:59 | Start position: 5 | Value (cm-1) 56.58426 


 Coefficients for Angular coordinate: [90. 60. 90.] 

 No High Energy fitting! 

 No Long Range fitting! 


 Using Custom Function for full range fitting!
 Potential at initial R value: 1465.22557030646
 Fitting Coefficients for full region fit : 
[ 4.22275304e+08 -3.78434675e+08  1.44117243e+08 -2.71703256e+07
  2.83790349e+06 -1.87906506e+05  3.85122383e+03 -2.52985703e+01]

Minima Fit:60 | Start position: 3 | Value (cm-1) 119.302495 


 Coefficients for Angular coordinate: [ 0. 90. 90.] 

 No High Energy fitting! 

 No Long Range fitting! 


 Using Custom Function for full range fitting!
 Potential at initial R value: 958.613003832612
 Fitting Coefficients for full region fit : 
[ 1.55278530e+08 -1.57214708e+08  7.08128873e+07 -1.50247022e+07
  1.74878188e+06 -1.40476048e+05  2.39222907e+03 -2.54873602e+01]

Minima Fit:61 | Start position: 4 | Value (cm-1) 41.984254 


 Coefficients for Angular coordinate: [30. 90. 90.] 

 No High Energy fitting! 

 No Long Range fitting! 


 Using Custom Function for full range fitting!
 Potential at initial R value: 495.18689351212515
 Fitting Coefficients for full region fit : 
[-2.76923829e+09  2.63373569e+09 -1.01384805e+09  2.04923958e+08
 -2.29356283e+07  1.34463018e+06 -3.76549099e+04  4.55849807e+01]

Minima Fit:62 | Start position: 4 | Value (cm-1) 91.625342 


 Coefficients for Angular coordinate: [60. 90. 90.] 

 No High Energy fitting! 

 No Long Range fitting! 


 Using Custom Function for full range fitting!
 Potential at initial R value: 1495.2812013123264
 Fitting Coefficients for full region fit : 
[ 1.93084453e+09 -1.82109604e+09  7.04803444e+08 -1.40958615e+08
  1.56219146e+07 -9.58734398e+05  2.47305472e+04 -5.87426686e+01]

Minima Fit:63 | Start position: 4 | Value (cm-1) 123.606213 


 Coefficients for Angular coordinate: [90. 90. 90.] 

 No High Energy fitting! 

 No Long Range fitting! 


 Using Custom Function for full range fitting!
 Potential at initial R value: 1249.1973163296302
 Fitting Coefficients for full region fit : 
[ 4.05902581e+08 -3.80590518e+08  1.50817054e+08 -2.98403956e+07
  3.29817721e+06 -2.26502102e+05  5.36052183e+03 -2.48238449e+01]

Minima Fit:64 | Start position: 2 | Value (cm-1) 78.766111 


 Coefficients for Angular coordinate: [  0.   0. 120.] 

 No High Energy fitting! 

 No Long Range fitting! 


 Using Custom Function for full range fitting!
 Potential at initial R value: -289539.05664323346
 Fitting Coefficients for full region fit : 
[-1.26457251e+11  8.00221385e+10 -2.02549475e+10  2.62031784e+09
 -1.82868696e+08  6.67050768e+06 -1.12843485e+05  5.87684789e+01]

Minima Fit:65 | Start position: 2 | Value (cm-1) 69.974415 


 Coefficients for Angular coordinate: [ 30.   0. 120.] 

 No High Energy fitting! 

 No Long Range fitting! 


 Using Custom Function for full range fitting!
 Potential at initial R value: -153124.98060106277
 Fitting Coefficients for full region fit : 
[-5.90820868e+10  3.49153516e+10 -7.95176573e+09  8.67855924e+08
 -4.44729382e+07  8.00444485e+05 -3.63961354e+02 -5.35194239e+01]

Minima Fit:66 | Start position: 2 | Value (cm-1) 74.010722 


 Coefficients for Angular coordinate: [ 60.   0. 120.] 

 No High Energy fitting! 

 No Long Range fitting! 


 Using Custom Function for full range fitting!
 Potential at initial R value: -212308.19461551984
 Fitting Coefficients for full region fit : 
[-8.86471801e+10  5.47578737e+10 -1.33768185e+10  1.64233639e+09
 -1.05762945e+08  3.40494368e+06 -5.03477234e+04 -3.61930651e+00]

Minima Fit:67 | Start position: 2 | Value (cm-1) 72.255456 


 Coefficients for Angular coordinate: [ 90.   0. 120.] 

 No High Energy fitting! 

 No Long Range fitting! 


 Using Custom Function for full range fitting!
 Potential at initial R value: -188566.32517775169
 Fitting Coefficients for full region fit : 
[-7.63912259e+10  4.64688924e+10 -1.10931442e+10  1.31388827e+09
 -7.95896239e+07  2.28587381e+06 -2.87670207e+04 -2.51420659e+01]

Minima Fit:68 | Start position: 2 | Value (cm-1) 67.312629 


 Coefficients for Angular coordinate: [  0.  30. 120.] 

 No High Energy fitting! 

 No Long Range fitting! 


 Using Custom Function for full range fitting!
 Potential at initial R value: -244535.51038632137
 Fitting Coefficients for full region fit : 
[-1.10567074e+11  7.05979221e+10 -1.80604488e+10  2.36781794e+09
 -1.67971421e+08  6.24268243e+06 -1.08627876e+05  5.77238798e+01]

Minima Fit:69 | Start position: 1 | Value (cm-1) 122.020641 


 Coefficients for Angular coordinate: [ 30.  30. 120.] 

 No High Energy fitting! 

 No Long Range fitting! 


 Using Custom Function for full range fitting!
 Potential at initial R value: -53412.5562142172
 Fitting Coefficients for full region fit : 
[-2.56151969e+10  1.54134591e+10 -3.49850955e+09  3.65504219e+08
 -1.53986970e+07 -1.82114990e+04  8.25333310e+03 -5.49550772e+01]

Minima Fit:70 | Start position: 1 | Value (cm-1) 112.987953 


 Coefficients for Angular coordinate: [ 60.  30. 120.] 

 No High Energy fitting! 

 No Long Range fitting! 


 Using Custom Function for full range fitting!
 Potential at initial R value: -74605.1766416614
 Fitting Coefficients for full region fit : 
[-3.98060290e+10  2.57477348e+10 -6.58890318e+09  8.51185257e+08
 -5.78959610e+07  1.97486251e+06 -3.32561169e+04 -6.17462118e+00]

Minima Fit:71 | Start position: 1 | Value (cm-1) 101.011912 


 Coefficients for Angular coordinate: [ 90.  30. 120.] 

 No High Energy fitting! 

 No Long Range fitting! 


 Using Custom Function for full range fitting!
 Potential at initial R value: -42800.269477302616
 Fitting Coefficients for full region fit : 
[-2.08326851e+10  1.27122226e+10 -2.98022215e+09  3.37268159e+08
 -1.81654682e+07  3.65151413e+05 -4.04532662e+03 -2.86948422e+01]

Minima Fit:72 | Start position: 2 | Value (cm-1) 80.370752 


 Coefficients for Angular coordinate: [  0.  60. 120.] 

 No High Energy fitting! 

 No Long Range fitting! 


 Using Custom Function for full range fitting!
 Potential at initial R value: -53919.24865264317
 Fitting Coefficients for full region fit : 
[-3.44246152e+10  2.37590125e+10 -6.66282896e+09  9.80057605e+08
 -7.99500487e+07  3.48228157e+06 -7.31774484e+04  5.29323328e+01]

Minima Fit:73 | Start position: 1 | Value (cm-1) 62.744153 


 Coefficients for Angular coordinate: [ 30.  60. 120.] 

 No High Energy fitting! 

 No Long Range fitting! 


 Using Custom Function for full range fitting!
 Potential at initial R value: 15412.597486456363
 Fitting Coefficients for full region fit : 
[ 6.82318696e+09 -5.09891999e+09  1.59076692e+09 -2.59390381e+08
  2.40123570e+07 -1.24383756e+06  2.46941367e+04 -5.57753622e+01]

Minima Fit:74 | Start position: 0 | Value (cm-1) 122.315952 


 Coefficients for Angular coordinate: [ 60.  60. 120.] 

 No High Energy fitting! 

 No Long Range fitting! 


 Using Custom Function for full range fitting!
 Potential at initial R value: -11296.225132574675
 Fitting Coefficients for full region fit : 
[-1.16755059e+10  8.25875668e+09 -2.33104759e+09  3.38641989e+08
 -2.61044571e+07  9.80547901e+05 -1.89476543e+04 -6.52348923e+00]

Minima Fit:75 | Start position: 0 | Value (cm-1) 102.237705 


 Coefficients for Angular coordinate: [ 90.  60. 120.] 

 No High Energy fitting! 

 No Long Range fitting! 


 Using Custom Function for full range fitting!
 Potential at initial R value: -7456.572279590498
 Fitting Coefficients for full region fit : 
[-7.35586630e+09  4.90951703e+09 -1.27147082e+09  1.62750408e+08
 -9.83634613e+06  1.64303887e+05  1.00913594e+02 -2.71340866e+01]

Minima Fit:76 | Start position: 0 | Value (cm-1) 107.221347 


 Coefficients for Angular coordinate: [  0.  90. 120.] 

 No High Energy fitting! 

 No Long Range fitting! 


 Using Custom Function for full range fitting!
 Potential at initial R value: -33007.68300782475
 Fitting Coefficients for full region fit : 
[-3.03140547e+10  2.22731075e+10 -6.62198756e+09  1.02268672e+09
 -8.60896618e+07  3.75422697e+06 -7.51288757e+04  5.55973461e+01]

Minima Fit:77 | Start position: 0 | Value (cm-1) 89.243819 


 Coefficients for Angular coordinate: [ 30.  90. 120.] 

 No High Energy fitting! 

 No Long Range fitting! 


 Using Custom Function for full range fitting!
 Potential at initial R value: 2953.5850994222055
 Fitting Coefficients for full region fit : 
[-1.08066908e+09  5.50998123e+08 -3.71296945e+07 -2.17081121e+07
  5.93022948e+06 -6.06856509e+05  1.81804400e+04 -5.21901013e+01]

Minima Fit:78 | Start position: 0 | Value (cm-1) 75.362116 


 Coefficients for Angular coordinate: [ 60.  90. 120.] 

 No High Energy fitting! 

 No Long Range fitting! 


 Using Custom Function for full range fitting!
 Potential at initial R value: -20022.66931640843
 Fitting Coefficients for full region fit : 
[-1.82327603e+10  1.30495828e+10 -3.73372221e+09  5.45681887e+08
 -4.19334822e+07  1.53447083e+06 -2.43736941e+04 -3.73333074e+00]

Minima Fit:79 | Start position: 0 | Value (cm-1) 65.362394 


 Coefficients for Angular coordinate: [ 90.  90. 120.] 

 No High Energy fitting! 

 No Long Range fitting! 


 Using Custom Function for full range fitting!
 Potential at initial R value: -15356.642451112528
 Fitting Coefficients for full region fit : 
[-1.45046456e+10  1.02780270e+10 -2.88619759e+09  4.08125197e+08
 -2.92706722e+07  8.88754540e+05 -8.96300334e+03 -2.35214387e+01]

Minima Fit:80 | Start position: 0 | Value (cm-1) 110.140942 


 Coefficients for Angular coordinate: [  0.   0. 150.] 

 No High Energy fitting! 

 No Long Range fitting! 


 Using Custom Function for full range fitting!
 Potential at initial R value: -4325134.250968243
 Fitting Coefficients for full region fit : 
[-8.01098170e+11  3.72169857e+11 -6.61375098e+10  5.89517123e+09
 -2.80313347e+08  7.05206815e+06 -9.40011076e+04  1.10645401e+01]

Minima Fit:81 | Start position: 0 | Value (cm-1) 110.140942 


 Coefficients for Angular coordinate: [ 30.   0. 150.] 

 No High Energy fitting! 

 No Long Range fitting! 


 Using Custom Function for full range fitting!
 Potential at initial R value: 1454659.7603284372
 Fitting Coefficients for full region fit : 
[-1.68764462e+11  1.21242098e+11 -2.54707668e+10  2.44458402e+09
 -1.17557247e+08  2.91707700e+06 -4.63611413e+04 -1.04366398e+01]

Minima Fit:82 | Start position: 0 | Value (cm-1) 110.140942 


 Coefficients for Angular coordinate: [ 60.   0. 150.] 

 No High Energy fitting! 

 No Long Range fitting! 


 Using Custom Function for full range fitting!
 Potential at initial R value: 6324793.968194389
 Fitting Coefficients for full region fit : 
[ 3.55475021e+11 -8.43035877e+10  7.28593604e+09 -2.73253500e+08
  6.99265582e+06 -1.35334510e+05 -1.26859897e+04 -2.44880372e+01]

Minima Fit:83 | Start position: 0 | Value (cm-1) 110.140942 


 Coefficients for Angular coordinate: [ 90.   0. 150.] 

 No High Energy fitting! 

 No Long Range fitting! 


 Using Custom Function for full range fitting!
 Potential at initial R value: 9395034.149297904
 Fitting Coefficients for full region fit : 
[ 6.92548449e+11 -2.18353460e+11  2.90703503e+10 -2.12866816e+09
  9.49761363e+07 -2.38653082e+06  1.34660165e+04 -3.63618491e+01]

Minima Fit:84 | Start position: 1 | Value (cm-1) 110.140942 


 Coefficients for Angular coordinate: [  0.  30. 150.] 

 No High Energy fitting! 

 No Long Range fitting! 


 Using Custom Function for full range fitting!
 Potential at initial R value: 56805701.01716021
 Fitting Coefficients for full region fit : 
[ 4.85672890e+12 -1.64029711e+12  2.18965347e+11 -1.44981990e+10
  4.87933285e+08 -7.34548776e+06  1.31584368e+04  3.13568042e+00]

Minima Fit:85 | Start position: 1 | Value (cm-1) 110.140942 


 Coefficients for Angular coordinate: [ 30.  30. 150.] 

 No High Energy fitting! 

 No Long Range fitting! 


 Using Custom Function for full range fitting!
 Potential at initial R value: 55547585.35309951
 Fitting Coefficients for full region fit : 
[ 4.82686053e+12 -1.65279252e+12  2.25316312e+11 -1.54471374e+10
  5.54518174e+08 -9.65184563e+06  4.74506986e+04 -1.71136712e+01]

Minima Fit:86 | Start position: 0 | Value (cm-1) 110.140942 


 Coefficients for Angular coordinate: [ 60.  30. 150.] 

 No High Energy fitting! 

 No Long Range fitting! 


 Using Custom Function for full range fitting!
 Potential at initial R value: 44386142.7699044
 Fitting Coefficients for full region fit : 
[ 3.86748341e+12 -1.32954022e+12  1.82759719e+11 -1.27311142e+10
  4.72137891e+08 -8.79775637e+06  5.28940689e+04 -2.84054063e+01]

Minima Fit:87 | Start position: 0 | Value (cm-1) 110.140942 


 Coefficients for Angular coordinate: [ 90.  30. 150.] 

 No High Energy fitting! 

 No Long Range fitting! 


 Using Custom Function for full range fitting!
 Potential at initial R value: 30137465.065413795
 Fitting Coefficients for full region fit : 
[ 2.64035704e+12 -9.15344365e+11  1.28031790e+11 -9.20185979e+09
  3.61192303e+08 -7.42504771e+06  5.42999419e+04 -3.79679343e+01]

Minima Fit:88 | Start position: 1 | Value (cm-1) 110.140942 


 Coefficients for Angular coordinate: [  0.  60. 150.] 

 No High Energy fitting! 

 No Long Range fitting! 


 Using Custom Function for full range fitting!
 Potential at initial R value: 79534148.47165047
 Fitting Coefficients for full region fit : 
[ 6.80866965e+12 -2.29923942e+12  3.06713195e+11 -2.03570132e+10
  6.94459295e+08 -1.11195428e+07  4.66593297e+04  3.41773269e+00]

Minima Fit:89 | Start position: 0 | Value (cm-1) 110.140942 


 Coefficients for Angular coordinate: [ 30.  60. 150.] 

 No High Energy fitting! 

 No Long Range fitting! 


 Using Custom Function for full range fitting!
 Potential at initial R value: 77854789.6949374
 Fitting Coefficients for full region fit : 
[ 6.77981312e+12 -2.32172820e+12  3.16117303e+11 -2.16666604e+10
  7.81241566e+08 -1.39557191e+07  8.63065754e+04 -1.73247943e+01]

Minima Fit:90 | Start position: 0 | Value (cm-1) 110.140942 


 Coefficients for Angular coordinate: [ 60.  60. 150.] 

 No High Energy fitting! 

 No Long Range fitting! 


 Using Custom Function for full range fitting!
 Potential at initial R value: 62939952.283946365
 Fitting Coefficients for full region fit : 
[ 5.52138175e+12 -1.90361756e+12  2.62022798e+11 -1.82792914e+10
  6.79922567e+08 -1.28743378e+07  9.13575361e+04 -2.85634120e+01]

Minima Fit:91 | Start position: 0 | Value (cm-1) 110.140942 


 Coefficients for Angular coordinate: [ 90.  60. 150.] 

 No High Energy fitting! 

 No Long Range fitting! 


 Using Custom Function for full range fitting!
 Potential at initial R value: 48400324.777574815
 Fitting Coefficients for full region fit : 
[ 4.30813342e+12 -1.50397905e+12  2.10926496e+11 -1.51362624e+10
  5.88839047e+08 -1.19897908e+07  9.77746535e+04 -3.91337837e+01]

Minima Fit:92 | Start position: 0 | Value (cm-1) 110.140942 


 Coefficients for Angular coordinate: [  0.  90. 150.] 

 No High Energy fitting! 

 No Long Range fitting! 


 Using Custom Function for full range fitting!
 Potential at initial R value: 57497102.83824633
 Fitting Coefficients for full region fit : 
[ 4.86226918e+12 -1.62823172e+12  2.15081749e+11 -1.40939377e+10
  4.72184347e+08 -7.32046271e+06  2.59431671e+04  7.34634337e+00]

Minima Fit:93 | Start position: 0 | Value (cm-1) 110.140942 


 Coefficients for Angular coordinate: [ 30.  90. 150.] 

 No High Energy fitting! 

 No Long Range fitting! 


 Using Custom Function for full range fitting!
 Potential at initial R value: 59969216.25125755
 Fitting Coefficients for full region fit : 
[ 5.19861176e+12 -1.77531511e+12  2.41072338e+11 -1.64826123e+10
  5.94025111e+08 -1.06782451e+07  6.82718762e+04 -1.36389376e+01]

Minima Fit:94 | Start position: 0 | Value (cm-1) 110.140942 


 Coefficients for Angular coordinate: [ 60.  90. 150.] 

 No High Energy fitting! 

 No Long Range fitting! 


 Using Custom Function for full range fitting!
 Potential at initial R value: 55566825.36210032
 Fitting Coefficients for full region fit : 
[ 4.86115267e+12 -1.67232572e+12  2.29522607e+11 -1.59609430e+10
  5.93037507e+08 -1.13333620e+07  8.50797002e+04 -2.61576320e+01]

Minima Fit:95 | Start position: 0 | Value (cm-1) 110.140942 


 Coefficients for Angular coordinate: [ 90.  90. 150.] 

 No High Energy fitting! 

 No Long Range fitting! 


 Using Custom Function for full range fitting!
 Potential at initial R value: 53264576.083183065
 Fitting Coefficients for full region fit : 
[ 4.70122601e+12 -1.62913002e+12  2.25999959e+11 -1.59786805e+10
  6.10252777e+08 -1.22356248e+07  1.01585492e+05 -3.69999951e+01]

Minima Fit:96 | Start position: 10 | Value (cm-1) 86.582448 


 Coefficients for Angular coordinate: [  0.   0. 180.] 

 No High Energy fitting! 

 No Long Range fitting! 


 Using Custom Function for full range fitting!
 Potential at initial R value: 15285763.068590865
 Fitting Coefficients for full region fit : 
[ 1.33862051e+12 -4.74076495e+11  6.83852255e+10 -4.82651708e+09
  1.79502246e+08 -3.41072498e+06  7.36146648e+03 -3.67137205e+01]

Minima Fit:97 | Start position: 10 | Value (cm-1) 86.582448 


 Coefficients for Angular coordinate: [ 30.   0. 180.] 

 No High Energy fitting! 

 No Long Range fitting! 


 Using Custom Function for full range fitting!
 Potential at initial R value: 15285755.036795815
 Fitting Coefficients for full region fit : 
[ 1.33861983e+12 -4.74076261e+11  6.83851930e+10 -4.82651473e+09
  1.79502154e+08 -3.41072309e+06  7.36145047e+03 -3.67137182e+01]

Minima Fit:98 | Start position: 10 | Value (cm-1) 86.582448 


 Coefficients for Angular coordinate: [ 60.   0. 180.] 

 No High Energy fitting! 

 No Long Range fitting! 


 Using Custom Function for full range fitting!
 Potential at initial R value: 15285765.651811823
 Fitting Coefficients for full region fit : 
[ 1.33862071e+12 -4.74076558e+11  6.83852335e+10 -4.82651760e+09
  1.79502264e+08 -3.41072529e+06  7.36146854e+03 -3.67137206e+01]

Minima Fit:99 | Start position: 10 | Value (cm-1) 86.582448 


 Coefficients for Angular coordinate: [ 90.   0. 180.] 

 No High Energy fitting! 

 No Long Range fitting! 


 Using Custom Function for full range fitting!
 Potential at initial R value: 15285749.501220245
 Fitting Coefficients for full region fit : 
[ 1.33861955e+12 -4.74076208e+11  6.83851908e+10 -4.82651491e+09
  1.79502172e+08 -3.41072368e+06  7.36145722e+03 -3.67137198e+01]

Minima Fit:100 | Start position: 11 | Value (cm-1) 106.603683 


 Coefficients for Angular coordinate: [  0.  30. 180.] 

 No High Energy fitting! 

 No Long Range fitting! 


 Using Custom Function for full range fitting!
 Potential at initial R value: 16257148.775240494
 Fitting Coefficients for full region fit : 
[ 1.34757133e+12 -4.64767460e+11  6.64140856e+10 -4.74478068e+09
  1.83972511e+08 -3.77639674e+06  1.70345012e+04 -3.56134433e+01]

Minima Fit:101 | Start position: 11 | Value (cm-1) 106.603683 


 Coefficients for Angular coordinate: [ 30.  30. 180.] 

 No High Energy fitting! 

 No Long Range fitting! 


 Using Custom Function for full range fitting!
 Potential at initial R value: 16257154.723736176
 Fitting Coefficients for full region fit : 
[ 1.34757180e+12 -4.64767609e+11  6.64141051e+10 -4.74478198e+09
  1.83972559e+08 -3.77639764e+06  1.70345084e+04 -3.56134443e+01]

Minima Fit:102 | Start position: 11 | Value (cm-1) 106.603683 


 Coefficients for Angular coordinate: [ 60.  30. 180.] 

 No High Energy fitting! 

 No Long Range fitting! 


 Using Custom Function for full range fitting!
 Potential at initial R value: 16257152.973645136
 Fitting Coefficients for full region fit : 
[ 1.34757165e+12 -4.64767561e+11  6.64140985e+10 -4.74478151e+09
  1.83972540e+08 -3.77639725e+06  1.70345049e+04 -3.56134436e+01]

Minima Fit:103 | Start position: 11 | Value (cm-1) 106.603683 


 Coefficients for Angular coordinate: [ 90.  30. 180.] 

 No High Energy fitting! 

 No Long Range fitting! 


 Using Custom Function for full range fitting!
 Potential at initial R value: 16257157.241892828
 Fitting Coefficients for full region fit : 
[ 1.34757197e+12 -4.64767662e+11  6.64141111e+10 -4.74478232e+09
  1.83972568e+08 -3.77639773e+06  1.70345082e+04 -3.56134438e+01]

Minima Fit:104 | Start position: 9 | Value (cm-1) 84.504265 


 Coefficients for Angular coordinate: [  0.  60. 180.] 

 No High Energy fitting! 

 No Long Range fitting! 


 Using Custom Function for full range fitting!
 Potential at initial R value: 9045726.660645664
 Fitting Coefficients for full region fit : 
[ 8.73379438e+11 -3.36255111e+11  5.39553813e+10 -4.32336584e+09
  1.90696133e+08 -4.49784477e+06  3.49931822e+04 -3.34378443e+01]

Minima Fit:105 | Start position: 9 | Value (cm-1) 84.504265 


 Coefficients for Angular coordinate: [ 30.  60. 180.] 

 No High Energy fitting! 

 No Long Range fitting! 


 Using Custom Function for full range fitting!
 Potential at initial R value: 9045722.005190428
 Fitting Coefficients for full region fit : 
[ 8.73378986e+11 -3.36254944e+11  5.39553563e+10 -4.32336389e+09
  1.90696050e+08 -4.49784292e+06  3.49931648e+04 -3.34378421e+01]

Minima Fit:106 | Start position: 9 | Value (cm-1) 84.504265 


 Coefficients for Angular coordinate: [ 60.  60. 180.] 

 No High Energy fitting! 

 No Long Range fitting! 


 Using Custom Function for full range fitting!
 Potential at initial R value: 9045694.838699646
 Fitting Coefficients for full region fit : 
[ 8.73377159e+11 -3.36254421e+11  5.39552963e+10 -4.32336036e+09
  1.90695937e+08 -4.49784103e+06  3.49931509e+04 -3.34378397e+01]

Minima Fit:107 | Start position: 9 | Value (cm-1) 84.504265 


 Coefficients for Angular coordinate: [ 90.  60. 180.] 

 No High Energy fitting! 

 No Long Range fitting! 


 Using Custom Function for full range fitting!
 Potential at initial R value: 9045671.878041433
 Fitting Coefficients for full region fit : 
[ 8.73375423e+11 -3.36253879e+11  5.39552286e+10 -4.32335609e+09
  1.90695796e+08 -4.49783877e+06  3.49931378e+04 -3.34378404e+01]

Minima Fit:108 | Start position: 7 | Value (cm-1) 100.288838 


 Coefficients for Angular coordinate: [  0.  90. 180.] 

 No High Energy fitting! 

 No Long Range fitting! 


 Using Custom Function for full range fitting!
 Potential at initial R value: 31348626.47785926
 Fitting Coefficients for full region fit : 
[ 2.49655430e+12 -8.27098822e+11  1.12840965e+11 -7.91151615e+09
  3.08686241e+08 -6.53040312e+06  5.29423310e+04 -3.26720673e+01]

Minima Fit:109 | Start position: 7 | Value (cm-1) 100.288839 


 Coefficients for Angular coordinate: [ 30.  90. 180.] 

 No High Energy fitting! 

 No Long Range fitting! 


 Using Custom Function for full range fitting!
 Potential at initial R value: 31348664.62416115
 Fitting Coefficients for full region fit : 
[ 2.49655671e+12 -8.27099474e+11  1.12841034e+11 -7.91151984e+09
  3.08686344e+08 -6.53040453e+06  5.29423387e+04 -3.26720677e+01]

Minima Fit:110 | Start position: 7 | Value (cm-1) 100.288838 


 Coefficients for Angular coordinate: [ 60.  90. 180.] 

 No High Energy fitting! 

 No Long Range fitting! 


 Using Custom Function for full range fitting!
 Potential at initial R value: 31348627.37594611
 Fitting Coefficients for full region fit : 
[ 2.49655434e+12 -8.27098832e+11  1.12840966e+11 -7.91151617e+09
  3.08686241e+08 -6.53040310e+06  5.29423308e+04 -3.26720673e+01]

Minima Fit:111 | Start position: 6 | Value (cm-1) 100.288838 


 Coefficients for Angular coordinate: [ 90.  90. 180.] 

 No High Energy fitting! 

 No Long Range fitting! 


 Using Custom Function for full range fitting!
 Potential at initial R value: 31348635.503780723
 Fitting Coefficients for full region fit : 
[ 2.49655495e+12 -8.27099023e+11  1.12840990e+11 -7.91151777e+09
  3.08686299e+08 -6.53040421e+06  5.29423399e+04 -3.26720688e+01]
 TQDM LOOP (Function Fitting Done!) :
 |||||||||||||||||||||||||||||||||||||||||||||||||||||||||||| 100% |



Saving fitted PES (Fnfit_PES.dat) and residuals (residuals_Fnfit_PES.dat) to: 
 /Volumes/Crucial_X6/Cn/4D/Projects/C4/PESFnFit/ 


Plotting residuals for E fit (R) at location: 
 /Volumes/Crucial_X6/Cn/4D/Projects/C4/PESFnFit/Plots/ 



Saving a copy of fitted PES (Fnfit_PES.dat) to: 
 /Volumes/Crucial_X6/Cn/4D/Projects/C4/ 


#-------------------------------------------------------------------#
#-------#    4D PES Fitted into analytical expression!    #---------#
#-------------------------------------------------------------------#


#####################################################################
#####################    PES2MP Finished     ########################
#####################################################################
Run time: 0 hours, 0 minutes, 3.46 seconds
#####################################################################


#####################################################################
--- Date 2025-05-25 18:20:13 ---
#####################################################################
#####################    PES2MP Initiated    ########################
#####################################################################
 
 /data and /project folders created. 


 Create_PES_input = False : Checking input for external Plots! 
  
 No plots created. Create_PES_input / Run_psi4 and Plot_PES are False 

 NNGen = False : Skipping NN Model! 
 
#-------------------------------------------------------------------#
#----------------#    Using MP Expansion module    #----------------#
#-------------------------------------------------------------------#



The loaded PES: --> 
     0    1    2    3             4
0  2.5  0.0  0.0  0.0  1.528892e+07
1  2.6  0.0  0.0  0.0  9.486535e+06
2  2.7  0.0  0.0  0.0  5.861640e+06
3  2.8  0.0  0.0  0.0  3.606448e+06
4  2.9  0.0  0.0  0.0  2.209470e+06

Number of angular terms: 
 112 


 List of angular terms: 
 [[  0.   0.   0.]
 [  0.   0.  30.]
 [  0.   0.  60.]
 [  0.   0.  90.]
 [  0.   0. 120.]
 [  0.   0. 150.]
 [  0.   0. 180.]
 [  0.  30.   0.]
 [  0.  30.  30.]
 [  0.  30.  60.]
 [  0.  30.  90.]
 [  0.  30. 120.]
 [  0.  30. 150.]
 [  0.  30. 180.]
 [  0.  60.   0.]
 [  0.  60.  30.]
 [  0.  60.  60.]
 [  0.  60.  90.]
 [  0.  60. 120.]
 [  0.  60. 150.]
 [  0.  60. 180.]
 [  0.  90.   0.]
 [  0.  90.  30.]
 [  0.  90.  60.]
 [  0.  90.  90.]
 [  0.  90. 120.]
 [  0.  90. 150.]
 [  0.  90. 180.]
 [ 30.   0.   0.]
 [ 30.   0.  30.]
 [ 30.   0.  60.]
 [ 30.   0.  90.]
 [ 30.   0. 120.]
 [ 30.   0. 150.]
 [ 30.   0. 180.]
 [ 30.  30.   0.]
 [ 30.  30.  30.]
 [ 30.  30.  60.]
 [ 30.  30.  90.]
 [ 30.  30. 120.]
 [ 30.  30. 150.]
 [ 30.  30. 180.]
 [ 30.  60.   0.]
 [ 30.  60.  30.]
 [ 30.  60.  60.]
 [ 30.  60.  90.]
 [ 30.  60. 120.]
 [ 30.  60. 150.]
 [ 30.  60. 180.]
 [ 30.  90.   0.]
 [ 30.  90.  30.]
 [ 30.  90.  60.]
 [ 30.  90.  90.]
 [ 30.  90. 120.]
 [ 30.  90. 150.]
 [ 30.  90. 180.]
 [ 60.   0.   0.]
 [ 60.   0.  30.]
 [ 60.   0.  60.]
 [ 60.   0.  90.]
 [ 60.   0. 120.]
 [ 60.   0. 150.]
 [ 60.   0. 180.]
 [ 60.  30.   0.]
 [ 60.  30.  30.]
 [ 60.  30.  60.]
 [ 60.  30.  90.]
 [ 60.  30. 120.]
 [ 60.  30. 150.]
 [ 60.  30. 180.]
 [ 60.  60.   0.]
 [ 60.  60.  30.]
 [ 60.  60.  60.]
 [ 60.  60.  90.]
 [ 60.  60. 120.]
 [ 60.  60. 150.]
 [ 60.  60. 180.]
 [ 60.  90.   0.]
 [ 60.  90.  30.]
 [ 60.  90.  60.]
 [ 60.  90.  90.]
 [ 60.  90. 120.]
 [ 60.  90. 150.]
 [ 60.  90. 180.]
 [ 90.   0.   0.]
 [ 90.   0.  30.]
 [ 90.   0.  60.]
 [ 90.   0.  90.]
 [ 90.   0. 120.]
 [ 90.   0. 150.]
 [ 90.   0. 180.]
 [ 90.  30.   0.]
 [ 90.  30.  30.]
 [ 90.  30.  60.]
 [ 90.  30.  90.]
 [ 90.  30. 120.]
 [ 90.  30. 150.]
 [ 90.  30. 180.]
 [ 90.  60.   0.]
 [ 90.  60.  30.]
 [ 90.  60.  60.]
 [ 90.  60.  90.]
 [ 90.  60. 120.]
 [ 90.  60. 150.]
 [ 90.  60. 180.]
 [ 90.  90.   0.]
 [ 90.  90.  30.]
 [ 90.  90.  60.]
 [ 90.  90.  90.]
 [ 90.  90. 120.]
 [ 90.  90. 150.]
 [ 90.  90. 180.]] 

Angular terms will be saved in Ang_Mat.dat at --> 
/Volumes/Crucial_X6/Cn/4D/Projects/C4/MP_files/

The list of Lambda terms will be saved in Lambda_ref.dat at --> 
/Volumes/Crucial_X6/Cn/4D/Projects/C4/MP_files/


 Number of Lambda terms are: 
28

The list of Lambda terms are: 
[[ 0  0  0  0]
 [ 1  0  2  2]
 [ 2  0  4  4]
 [ 3  2  0  2]
 [ 4  2  2  0]
 [ 5  2  2  2]
 [ 6  2  2  4]
 [ 7  2  4  2]
 [ 8  2  4  4]
 [ 9  2  4  6]
 [10  4  0  4]
 [11  4  2  2]
 [12  4  2  4]
 [13  4  2  6]
 [14  4  4  0]
 [15  4  4  2]
 [16  4  4  4]
 [17  4  4  6]
 [18  4  4  8]
 [19  6  0  6]
 [20  6  2  4]
 [21  6  2  6]
 [22  6  2  8]
 [23  6  4  2]
 [24  6  4  4]
 [25  6  4  6]
 [26  6  4  8]
 [27  6  4 10]]

Generating new Spherical Harmonics coefficient from scratch and saving 4D_BiSp_coeff.npy in --> 
/Volumes/Crucial_X6/Cn/4D/Projects/C4/MP_files/

 TQDM LOOP (BiSpherical Harmonics calculated!) :
 |||||||||||||||||||||||||||||||||||||||||||||||||||||||||||| 100% |



 A preview of radial terms: 
      R             0             1  ...            25            26            27
0  2.5  4.126234e+07 -1.347040e+07  ...  4.752874e+06 -4.576362e+06  5.571818e+06
1  2.6  2.550002e+07 -8.289305e+06  ...  2.930120e+06 -2.817998e+06  3.425768e+06
2  2.7  1.566982e+07 -5.069817e+06  ...  1.795661e+06 -1.724671e+06  2.093045e+06
3  2.8  9.569838e+06 -3.079967e+06  ...  1.093274e+06 -1.048489e+06  1.269966e+06
4  2.9  5.805182e+06 -1.857316e+06  ...  6.608814e+05 -6.327404e+05  7.647065e+05

[5 rows x 29 columns]

Saving final radial terms file 4D_Vlam.dat in above folder 

 Plotting radial terms at :--> 
 /Volumes/Crucial_X6/Cn/4D/Projects/C4/MP_files/MP_plots/

#-------------------------------------------------------------------#
#---------------#    4D Mutipole Expansion Done!    #---------------#
#-------------------------------------------------------------------#


 FnFit = False : Skipping Analytical Fitting of Radial Coefficients! 
 
#####################################################################
#####################    PES2MP Finished     ########################
#####################################################################
Run time: 0 hours, 0 minutes, 3.67 seconds
#####################################################################


#####################################################################
--- Date 2025-05-25 18:20:17 ---
#####################################################################
#####################    PES2MP Initiated    ########################
#####################################################################
 
 /data and /project folders created. 


 Create_PES_input = False : Checking input for external Plots! 
  
 No plots created. Create_PES_input / Run_psi4 and Plot_PES are False 

 NNGen = False : Skipping NN Model! 
 
 MPExp = False : Skipping Multipole Expansion! 
 
#-------------------------------------------------------------------#
#----------------#    Using Function Fit module    #----------------#
#-------------------------------------------------------------------#

Fitting Radial coefficients obtained after multipole expansion!


Minima Fit:0 | Start position: 0 | Value (cm-1) 41262340.36128904 

RMSE 0 | 2.661553886310977e-09 


Minima Fit:1 | Start position: 0 | Value (cm-1) -13470397.49779167 

RMSE 1 | 7.027362851071011e-10 


Minima Fit:2 | Start position: 0 | Value (cm-1) -2731942.2037855946 

RMSE 2 | 2.412610557240413e-10 


Minima Fit:3 | Start position: 0 | Value (cm-1) 57393794.13184883 

RMSE 3 | 3.1802537464141547e-09 


Minima Fit:4 | Start position: 0 | Value (cm-1) -49975110.0884549 

RMSE 4 | 2.7351551764752113e-09 


Minima Fit:5 | Start position: 0 | Value (cm-1) 24456795.360531695 

RMSE 5 | 7.753822725135187e-10 


Minima Fit:6 | Start position: 0 | Value (cm-1) -19150843.70548389 

RMSE 6 | 1.1755385205998357e-09 


Minima Fit:7 | Start position: 0 | Value (cm-1) -5365688.992160943 

RMSE 7 | 3.3379324101522503e-10 


Minima Fit:8 | Start position: 0 | Value (cm-1) 3603254.054757416 

RMSE 8 | 2.973758122380594e-10 


Minima Fit:9 | Start position: 0 | Value (cm-1) -3650550.5204515313 

RMSE 9 | 6.015195876042949e-10 


Minima Fit:10 | Start position: 0 | Value (cm-1) -5306340.868486287 

RMSE 10 | 1.8301916703252533e-10 


Minima Fit:11 | Start position: 0 | Value (cm-1) 4157326.377509875 

RMSE 11 | 1.9981779088003951e-10 


Minima Fit:12 | Start position: 0 | Value (cm-1) -2472724.139638732 

RMSE 12 | 1.79636132138229e-10 


Minima Fit:13 | Start position: 0 | Value (cm-1) 1926011.467095299 

RMSE 13 | 1.0932996045760021e-10 


Minima Fit:14 | Start position: 0 | Value (cm-1) 9460265.2937998 

RMSE 14 | 1.1553180759337642e-09 


Minima Fit:15 | Start position: 0 | Value (cm-1) -4882957.226751305 

RMSE 15 | 2.96106443204454e-10 


Minima Fit:16 | Start position: 0 | Value (cm-1) 3963327.53121023 

RMSE 16 | 2.328787075832068e-10 


Minima Fit:17 | Start position: 0 | Value (cm-1) -3832130.1740029026 

RMSE 17 | 1.7573954133092996e-10 


Minima Fit:18 | Start position: 0 | Value (cm-1) 4815620.586001615 

RMSE 18 | 2.535321136928926e-10 


Minima Fit:19 | Start position: 0 | Value (cm-1) -25481352.08968141 

RMSE 19 | 2.7440027634679923e-09 


Minima Fit:20 | Start position: 0 | Value (cm-1) 2468696.3274398902 

RMSE 20 | 1.6541204428227892e-10 


Minima Fit:21 | Start position: 0 | Value (cm-1) -7803207.178472066 

RMSE 21 | 3.4005727309079143e-10 


Minima Fit:22 | Start position: 0 | Value (cm-1) 18128284.88557613 

RMSE 22 | 1.4362887403000213e-09 


Minima Fit:23 | Start position: 0 | Value (cm-1) 8377771.301628798 

RMSE 23 | 4.5471687315589114e-10 


Minima Fit:24 | Start position: 0 | Value (cm-1) -5561046.10280389 

RMSE 24 | 4.641460136669091e-10 


Minima Fit:25 | Start position: 0 | Value (cm-1) 4752873.672865663 

RMSE 25 | 6.611812231210525e-10 


Minima Fit:26 | Start position: 0 | Value (cm-1) -4576362.132902468 

RMSE 26 | 2.255272179729879e-10 


Minima Fit:27 | Start position: 0 | Value (cm-1) 5571817.630503479 

RMSE 27 | 7.442194178309998e-10 

 Start position for fitting each radial term : 
start_pos = 
 [0. 0. 0. 0. 0. 0. 0. 0. 0. 0. 0. 0. 0. 0. 0. 0. 0. 0. 0. 0. 0. 0. 0. 0.
 0. 0. 0. 0.] 

 Mean RMS Error | 8.11624967255178e-10 


Saving analytically fitted V_lam data (FnFitted_Vlam.dat) at locations: 
  /Volumes/Crucial_X6/Cn/4D/Projects/C4/MP_files/ 
 and 
 /Volumes/Crucial_X6/Cn/4D/Projects/C4/MP_files/VlamFnFit/ 

The coefficients for custom functions are saved in Raw format in Proj_name folder. The same can be converted manually!

Saving V_lam raw coefficients at location: 
 /Volumes/Crucial_X6/Cn/4D/Projects/C4/ 

Saving MOLSCAT &POTL (MOLSCAT_POT.txt) at location: 
 /Volumes/Crucial_X6/Cn/4D/Projects/C4/ 

#-------------------------------------------------------------------#
#-----------------#    MOLSCAT &POTL Generated    #-----------------#
#-------------------------------------------------------------------#


#####################################################################
#####################    PES2MP Finished     ########################
#####################################################################
Run time: 0 hours, 0 minutes, 8.00 seconds
#####################################################################


