#####################################################################
--- Date 2025-07-08 12:06:27 ---
#####################################################################
#####################    PES2MP Initiated    ########################
#####################################################################
 
 /data and /project folders created. 


 Create_PES_input = False : Checking input for external Plots! 
  
 No plots created. Create_PES_input / Run_psi4 and Plot_PES are False 

#-------------------------------------------------------------------#
#--------------------#    Using NNGen module    #-------------------#
#-------------------------------------------------------------------#

#####################################################################
--- Date 2025-07-08 17:04:19 ---
#####################################################################
#####################    PES2MP Initiated    ########################
#####################################################################
 
 /data and /project folders created. 


 Create_PES_input = False : Checking input for external Plots! 
  
 No plots created. Create_PES_input / Run_psi4 and Plot_PES are False 

#-------------------------------------------------------------------#
#--------------------#    Using NNGen module    #-------------------#
#-------------------------------------------------------------------#



The loaded PES: --> 
     0       1       2     3    4    5    6          7
0  1.0  1.8201  3.4309   2.0  0.0  0.0  1.0 -26.318298
1  1.0  1.8201  3.4309   4.0  0.0  0.0  1.0 -29.027467
2  1.0  1.8201  3.4309   6.0  0.0  0.0  1.0 -31.299173
3  1.0  1.8201  3.4309   8.0  0.0  0.0  1.0 -36.480545
4  1.0  1.8201  3.4309  10.0  0.0  0.0  1.0 -38.569200

Important Notice:
    (a) The first Num_X molumns must be input coordinates and last Num_Y columns must be output descriptors.
    (b) The first column must be R i.e. the radial coordinate (Needed for seperating boundary elements.
    Unless you are familiar with modifying the code or have some other application, keep the first column as R! 

     0       1       2     3    4    5    6          7
0  1.0  1.8201  3.4309   2.0  0.0  0.0  1.0 -26.318298
1  1.0  1.8201  3.4309   4.0  0.0  0.0  1.0 -29.027467
2  1.0  1.8201  3.4309   6.0  0.0  0.0  1.0 -31.299173
3  1.0  1.8201  3.4309   8.0  0.0  0.0  1.0 -36.480545
4  1.0  1.8201  3.4309  10.0  0.0  0.0  1.0 -38.569200
 Data not partioned!
 Boundary elements of dataframes (based on input coordinates) are exteacted, plotted, and saved to files!
 Check Out -> 
/home/user/apoo/Rate_NN/Projects/NN3/NN_files/NN_plots/boundary_data/
 
Various Split Ratios: 

 Training [40, 40]
 Testing [5, 5]
 Validation [55 55] 

Seed for random skitlearn split of training, testing and validation dataset: 1 

 Train:Val:Test split for the NN models done! 
 
 Check required plots at :-> 
 /home/user/apoo/Rate_NN/Projects/NN3/NN_files/NN_plots/
 Folder where keras-tuner (trial) data will be saved : --> 
Projects/NN3/NN_files/NN_trial_models/NN_finalf/' 


 Folder where final NN data will be saved : --> 
Projects/NN3/NN_files/NN_final_models/NN_finalf/' 


 Plot for NN architecture will be saved inside respective folders for base and ensemble models! 


 Feature and target scaling are saved as pickle files: --> 
NN_finalf


 NN HyperParameters loaded! 

 Using Generic NN Model! 

 Finding optimum architecture for model 0!
 Optimum architecture found! Optimising weights and biases! 
 Fitting Minima region! 

 TQDM LOOP (Base NN Model): Minima region fitted:
 |||||||||||||||||||||||||||||||||||||||||||||||||||||||||||| 100% |


 Base model 0 training complete 
 Final model saved!!
 Base model 0 Prediction Matrics : 
Model 0 : full_loss = 15.6920 , full_mae = 16.1920 

 
 Predicting PES based on input coordinates for base model 0! 

 NN HyperParameters loaded! 

 Using Generic NN Model! 

 Finding optimum architecture for model 1!
 Optimum architecture found! Optimising weights and biases! 
 Fitting Minima region! 

 TQDM LOOP (Base NN Model): Minima region fitted:
 |||||||||||||||||||||||||||||||||||||||||||||||||||||||||||| 100% |


 Base model 1 training complete 
 Final model saved!!
 Base model 1 Prediction Matrics : 
Model 1 : full_loss = 15.6932 , full_mae = 16.1932 

 
 Predicting PES based on input coordinates for base model 1! 

 Fine Tuning weights and biases in Ensemble Model (uses minima region only)! 


 The Enseble NN model will ALLOW for base model to be RETRAINED!
 Make sure that the number of models are not too large as it may slow down training considerably! 


 TQDM LOOP (Ensemble NN Model fitted) :
 |||||||||||||||||||||||||||||||||||||||||||||||||||||||||||| 100% |


 Ensemble model training complete 
 Final model saved!!
 Folder where Ensemble NN data will be saved : --> 
 'Projects/NN3/NN_files/NN_final_models/NN_finalf/Ensemble_tuned/' 


 Ensemble Prediction Matrics : 
Fine Tuning: full_loss = 15.6927 , full_mae = 16.1927 

 Predicting PES based on input coordinates using ensemble model! 


Saving final NN model at parent directory : --> 
Projects/NN3/' 


#-------------------------------------------------------------------#
#---------------------#    NN Model Created    #--------------------#
#-------------------------------------------------------------------#


 MPExp = False : Skipping Multipole Expansion! 
 
 FnFit = False : Skipping Analytical Fitting of Radial Coefficients! 
 
#####################################################################
#####################    PES2MP Finished     ########################
#####################################################################
Run time: 12 hours, 59 minutes, 40.07 seconds
#####################################################################


